<?xml version="1.0" encoding="UTF-8"?>
<coverage generated="1608218125983" clover="3.2.0">
  <project timestamp="1608218125984" name="All files">
    <metrics statements="318" coveredstatements="164" conditionals="254" coveredconditionals="98" methods="79" coveredmethods="54" elements="651" coveredelements="316" complexity="0" loc="318" ncloc="318" packages="2" files="3" classes="3"/>
    <package name="components">
      <metrics statements="312" coveredstatements="158" conditionals="244" coveredconditionals="88" methods="78" coveredmethods="53"/>
      <file name="VueCarousel.vue" path="/Users/sam.wood/webprojects/personal/vue-carousel/src/components/VueCarousel.vue">
        <metrics statements="309" coveredstatements="155" conditionals="242" coveredconditionals="86" methods="75" coveredmethods="50"/>
        <line num="88" count="1" type="stmt"/>
        <line num="89" count="1" type="stmt"/>
        <line num="90" count="1" type="stmt"/>
        <line num="92" count="1" type="stmt"/>
        <line num="93" count="1" type="stmt"/>
        <line num="106" count="2" type="stmt"/>
        <line num="111" count="7" type="stmt"/>
        <line num="143" count="24" type="cond" truecount="1" falsecount="1"/>
        <line num="146" count="24" type="stmt"/>
        <line num="147" count="24" type="stmt"/>
        <line num="149" count="24" type="cond" truecount="1" falsecount="1"/>
        <line num="150" count="0" type="stmt"/>
        <line num="152" count="24" type="stmt"/>
        <line num="153" count="24" type="stmt"/>
        <line num="156" count="24" type="cond" truecount="2" falsecount="0"/>
        <line num="157" count="1" type="stmt"/>
        <line num="158" count="1" type="stmt"/>
        <line num="161" count="24" type="stmt"/>
        <line num="168" count="11" type="cond" truecount="2" falsecount="0"/>
        <line num="174" count="2" type="cond" truecount="4" falsecount="1"/>
        <line num="186" count="3" type="cond" truecount="1" falsecount="1"/>
        <line num="187" count="0" type="stmt"/>
        <line num="189" count="3" type="stmt"/>
        <line num="193" count="0" type="cond" truecount="0" falsecount="2"/>
        <line num="194" count="0" type="stmt"/>
        <line num="196" count="0" type="stmt"/>
        <line num="200" count="0" type="cond" truecount="0" falsecount="2"/>
        <line num="201" count="0" type="stmt"/>
        <line num="203" count="0" type="stmt"/>
        <line num="207" count="17" type="stmt"/>
        <line num="210" count="17" type="cond" truecount="4" falsecount="0"/>
        <line num="216" count="17" type="cond" truecount="2" falsecount="0"/>
        <line num="221" count="17" type="cond" truecount="1" falsecount="1"/>
        <line num="233" count="18" type="stmt"/>
        <line num="234" count="216" type="stmt"/>
        <line num="235" count="30" type="cond" truecount="2" falsecount="0"/>
        <line num="237" count="6" type="stmt"/>
        <line num="238" count="6" type="stmt"/>
        <line num="239" count="6" type="stmt"/>
        <line num="241" count="22" type="stmt"/>
        <line num="248" count="22" type="stmt"/>
        <line num="251" count="6" type="stmt"/>
        <line num="258" count="18" type="stmt"/>
        <line num="268" count="0" type="stmt"/>
        <line num="269" count="0" type="stmt"/>
        <line num="272" count="0" type="stmt"/>
        <line num="273" count="0" type="stmt"/>
        <line num="277" count="10" type="stmt"/>
        <line num="278" count="10" type="stmt"/>
        <line num="279" count="10" type="stmt"/>
        <line num="280" count="10" type="stmt"/>
        <line num="281" count="10" type="stmt"/>
        <line num="282" count="10" type="stmt"/>
        <line num="283" count="10" type="stmt"/>
        <line num="289" count="7" type="stmt"/>
        <line num="290" count="7" type="stmt"/>
        <line num="293" count="7" type="stmt"/>
        <line num="294" count="7" type="stmt"/>
        <line num="295" count="7" type="stmt"/>
        <line num="296" count="7" type="stmt"/>
        <line num="299" count="17" type="stmt"/>
        <line num="300" count="17" type="stmt"/>
        <line num="303" count="0" type="stmt"/>
        <line num="304" count="0" type="stmt"/>
        <line num="305" count="0" type="stmt"/>
        <line num="306" count="0" type="stmt"/>
        <line num="307" count="0" type="stmt"/>
        <line num="316" count="0" type="stmt"/>
        <line num="318" count="0" type="stmt"/>
        <line num="319" count="0" type="stmt"/>
        <line num="320" count="0" type="stmt"/>
        <line num="327" count="7" type="cond" truecount="1" falsecount="1"/>
        <line num="328" count="7" type="stmt"/>
        <line num="336" count="17" type="stmt"/>
        <line num="338" count="17" type="stmt"/>
        <line num="339" count="17" type="stmt"/>
        <line num="340" count="17" type="stmt"/>
        <line num="350" count="0" type="cond" truecount="0" falsecount="2"/>
        <line num="351" count="0" type="stmt"/>
        <line num="353" count="0" type="cond" truecount="0" falsecount="2"/>
        <line num="357" count="0" type="stmt"/>
        <line num="359" count="0" type="stmt"/>
        <line num="372" count="0" type="stmt"/>
        <line num="373" count="0" type="stmt"/>
        <line num="374" count="0" type="stmt"/>
        <line num="375" count="0" type="cond" truecount="0" falsecount="4"/>
        <line num="376" count="0" type="stmt"/>
        <line num="378" count="0" type="cond" truecount="0" falsecount="2"/>
        <line num="379" count="0" type="cond" truecount="0" falsecount="2"/>
        <line num="382" count="0" type="stmt"/>
        <line num="384" count="0" type="stmt"/>
        <line num="387" count="12" type="cond" truecount="1" falsecount="1"/>
        <line num="388" count="0" type="stmt"/>
        <line num="399" count="10" type="stmt"/>
        <line num="409" count="19" type="cond" truecount="2" falsecount="0"/>
        <line num="410" count="5" type="stmt"/>
        <line num="412" count="14" type="stmt"/>
        <line num="419" count="10" type="stmt"/>
        <line num="427" count="260" type="cond" truecount="2" falsecount="0"/>
        <line num="428" count="80" type="stmt"/>
        <line num="430" count="180" type="stmt"/>
        <line num="447" count="36" type="stmt"/>
        <line num="449" count="36" type="stmt"/>
        <line num="451" count="0" type="cond" truecount="0" falsecount="5"/>
        <line num="452" count="0" type="stmt"/>
        <line num="454" count="0" type="cond" truecount="0" falsecount="4"/>
        <line num="455" count="0" type="stmt"/>
        <line num="457" count="0" type="cond" truecount="0" falsecount="3"/>
        <line num="458" count="0" type="stmt"/>
        <line num="460" count="0" type="cond" truecount="0" falsecount="2"/>
        <line num="461" count="0" type="stmt"/>
        <line num="463" count="36" type="stmt"/>
        <line num="464" count="36" type="stmt"/>
        <line num="469" count="36" type="cond" truecount="1" falsecount="1"/>
        <line num="470" count="36" type="stmt"/>
        <line num="473" count="36" type="stmt"/>
        <line num="476" count="1" type="cond" truecount="1" falsecount="1"/>
        <line num="477" count="0" type="stmt"/>
        <line num="479" count="1" type="stmt"/>
        <line num="483" count="1" type="cond" truecount="2" falsecount="2"/>
        <line num="484" count="0" type="stmt"/>
        <line num="485" count="1" type="cond" truecount="3" falsecount="1"/>
        <line num="486" count="0" type="stmt"/>
        <line num="496" count="1" type="cond" truecount="1" falsecount="1"/>
        <line num="498" count="0" type="cond" truecount="0" falsecount="2"/>
        <line num="499" count="0" type="stmt"/>
        <line num="501" count="0" type="stmt"/>
        <line num="505" count="1" type="cond" truecount="3" falsecount="2"/>
        <line num="511" count="1" type="stmt"/>
        <line num="512" count="0" type="cond" truecount="0" falsecount="4"/>
        <line num="517" count="0" type="stmt"/>
        <line num="532" count="0" type="cond" truecount="0" falsecount="2"/>
        <line num="534" count="0" type="cond" truecount="0" falsecount="2"/>
        <line num="535" count="0" type="cond" truecount="0" falsecount="2"/>
        <line num="536" count="0" type="stmt"/>
        <line num="537" count="0" type="stmt"/>
        <line num="540" count="0" type="stmt"/>
        <line num="545" count="0" type="stmt"/>
        <line num="547" count="0" type="cond" truecount="0" falsecount="2"/>
        <line num="551" count="0" type="stmt"/>
        <line num="552" count="0" type="stmt"/>
        <line num="555" count="0" type="stmt"/>
        <line num="560" count="0" type="stmt"/>
        <line num="569" count="0" type="stmt"/>
        <line num="570" count="0" type="cond" truecount="0" falsecount="2"/>
        <line num="571" count="0" type="stmt"/>
        <line num="573" count="0" type="stmt"/>
        <line num="583" count="0" type="cond" truecount="0" falsecount="2"/>
        <line num="584" count="0" type="stmt"/>
        <line num="585" count="0" type="stmt"/>
        <line num="587" count="0" type="stmt"/>
        <line num="588" count="0" type="stmt"/>
        <line num="599" count="0" type="cond" truecount="0" falsecount="2"/>
        <line num="601" count="0" type="cond" truecount="0" falsecount="4"/>
        <line num="605" count="0" type="stmt"/>
        <line num="607" count="0" type="stmt"/>
        <line num="618" count="0" type="stmt"/>
        <line num="619" count="0" type="stmt"/>
        <line num="620" count="0" type="stmt"/>
        <line num="623" count="0" type="cond" truecount="0" falsecount="2"/>
        <line num="625" count="0" type="stmt"/>
        <line num="626" count="0" type="stmt"/>
        <line num="629" count="0" type="cond" truecount="0" falsecount="2"/>
        <line num="630" count="0" type="stmt"/>
        <line num="632" count="0" type="cond" truecount="0" falsecount="2"/>
        <line num="633" count="0" type="stmt"/>
        <line num="635" count="0" type="stmt"/>
        <line num="644" count="117" type="cond" truecount="2" falsecount="0"/>
        <line num="646" count="87" type="cond" truecount="2" falsecount="0"/>
        <line num="647" count="55" type="cond" truecount="7" falsecount="1"/>
        <line num="663" count="0" type="cond" truecount="0" falsecount="2"/>
        <line num="664" count="0" type="stmt"/>
        <line num="672" count="0" type="cond" truecount="0" falsecount="2"/>
        <line num="673" count="0" type="stmt"/>
        <line num="683" count="1" type="cond" truecount="1" falsecount="1"/>
        <line num="684" count="0" type="stmt"/>
        <line num="686" count="1" type="stmt"/>
        <line num="695" count="17" type="stmt"/>
        <line num="696" count="17" type="stmt"/>
        <line num="697" count="17" type="stmt"/>
        <line num="698" count="17" type="stmt"/>
        <line num="699" count="17" type="stmt"/>
        <line num="700" count="17" type="stmt"/>
        <line num="702" count="17" type="cond" truecount="1" falsecount="1"/>
        <line num="703" count="17" type="stmt"/>
        <line num="706" count="17" type="cond" truecount="1" falsecount="1"/>
        <line num="707" count="0" type="stmt"/>
        <line num="710" count="17" type="cond" truecount="1" falsecount="1"/>
        <line num="711" count="0" type="stmt"/>
        <line num="712" count="0" type="stmt"/>
        <line num="719" count="7" type="stmt"/>
        <line num="727" count="0" type="cond" truecount="0" falsecount="2"/>
        <line num="728" count="0" type="stmt"/>
        <line num="729" count="0" type="stmt"/>
        <line num="732" count="0" type="cond" truecount="0" falsecount="2"/>
        <line num="733" count="0" type="stmt"/>
        <line num="742" count="0" type="cond" truecount="0" falsecount="2"/>
        <line num="743" count="0" type="stmt"/>
        <line num="744" count="0" type="stmt"/>
        <line num="745" count="0" type="stmt"/>
        <line num="748" count="0" type="cond" truecount="0" falsecount="2"/>
        <line num="749" count="0" type="stmt"/>
        <line num="758" count="0" type="stmt"/>
        <line num="759" count="0" type="cond" truecount="0" falsecount="2"/>
        <line num="761" count="0" type="cond" truecount="0" falsecount="2"/>
        <line num="762" count="0" type="stmt"/>
        <line num="764" count="0" type="stmt"/>
        <line num="765" count="0" type="stmt"/>
        <line num="773" count="10" type="cond" truecount="1" falsecount="1"/>
        <line num="774" count="0" type="stmt"/>
        <line num="775" count="0" type="stmt"/>
        <line num="782" count="10" type="cond" truecount="1" falsecount="1"/>
        <line num="783" count="0" type="stmt"/>
        <line num="791" count="10" type="stmt"/>
        <line num="793" count="10" type="stmt"/>
        <line num="794" count="10" type="stmt"/>
        <line num="795" count="10" type="stmt"/>
        <line num="801" count="0" type="cond" truecount="0" falsecount="2"/>
        <line num="802" count="0" type="stmt"/>
        <line num="810" count="10" type="stmt"/>
        <line num="812" count="10" type="stmt"/>
        <line num="813" count="10" type="stmt"/>
        <line num="814" count="10" type="stmt"/>
        <line num="823" count="0" type="cond" truecount="0" falsecount="5"/>
        <line num="828" count="0" type="stmt"/>
        <line num="839" count="17" type="stmt"/>
        <line num="840" count="17" type="stmt"/>
        <line num="844" count="17" type="stmt"/>
        <line num="852" count="17" type="stmt"/>
        <line num="854" count="85" type="stmt"/>
        <line num="857" count="17" type="stmt"/>
        <line num="865" count="34" type="stmt"/>
        <line num="876" count="19" type="stmt"/>
        <line num="877" count="19" type="stmt"/>
        <line num="884" count="0" type="stmt"/>
        <line num="891" count="10" type="stmt"/>
        <line num="892" count="10" type="stmt"/>
        <line num="893" count="10" type="stmt"/>
        <line num="894" count="10" type="stmt"/>
        <line num="895" count="10" type="stmt"/>
        <line num="896" count="10" type="stmt"/>
        <line num="897" count="10" type="stmt"/>
        <line num="904" count="0" type="stmt"/>
        <line num="907" count="0" type="stmt"/>
        <line num="908" count="0" type="stmt"/>
        <line num="917" count="17" type="stmt"/>
        <line num="919" count="17" type="stmt"/>
        <line num="921" count="0" type="stmt"/>
        <line num="924" count="0" type="stmt"/>
        <line num="926" count="0" type="stmt"/>
        <line num="929" count="0" type="stmt"/>
        <line num="931" count="0" type="stmt"/>
        <line num="934" count="0" type="stmt"/>
        <line num="936" count="0" type="stmt"/>
        <line num="937" count="0" type="stmt"/>
        <line num="939" count="17" type="stmt"/>
        <line num="940" count="17" type="stmt"/>
        <line num="943" count="17" type="stmt"/>
        <line num="952" count="528" type="cond" truecount="2" falsecount="0"/>
        <line num="960" count="17" type="stmt"/>
        <line num="974" count="67" type="stmt"/>
        <line num="1023" count="17" type="stmt"/>
        <line num="1025" count="17" type="cond" truecount="1" falsecount="1"/>
        <line num="1032" count="17" type="cond" truecount="1" falsecount="1"/>
        <line num="1044" count="17" type="stmt"/>
        <line num="1048" count="17" type="cond" truecount="2" falsecount="0"/>
        <line num="1059" count="17" type="cond" truecount="1" falsecount="1"/>
        <line num="1060" count="0" type="cond" truecount="0" falsecount="2"/>
        <line num="1063" count="0" type="cond" truecount="0" falsecount="2"/>
        <line num="1067" count="0" type="cond" truecount="0" falsecount="2"/>
        <line num="1068" count="0" type="stmt"/>
        <line num="1069" count="0" type="stmt"/>
        <line num="1076" count="17" type="stmt"/>
        <line num="1093" count="17" type="stmt"/>
        <line num="1095" count="0" type="cond" truecount="0" falsecount="5"/>
        <line num="1096" count="0" type="stmt"/>
        <line num="1098" count="0" type="cond" truecount="0" falsecount="4"/>
        <line num="1099" count="0" type="stmt"/>
        <line num="1101" count="0" type="cond" truecount="0" falsecount="3"/>
        <line num="1102" count="0" type="stmt"/>
        <line num="1104" count="0" type="cond" truecount="0" falsecount="2"/>
        <line num="1105" count="0" type="stmt"/>
        <line num="1107" count="17" type="stmt"/>
        <line num="1108" count="17" type="stmt"/>
        <line num="1117" count="17" type="cond" truecount="1" falsecount="1"/>
        <line num="1118" count="0" type="stmt"/>
        <line num="1119" count="0" type="cond" truecount="0" falsecount="6"/>
        <line num="1125" count="0" type="stmt"/>
        <line num="1128" count="0" type="stmt"/>
        <line num="1134" count="0" type="stmt"/>
        <line num="1137" count="17" type="stmt"/>
        <line num="1148" count="33" type="cond" truecount="2" falsecount="0"/>
        <line num="1150" count="1" type="stmt"/>
        <line num="1151" count="1" type="cond" truecount="3" falsecount="1"/>
        <line num="1155" count="1" type="stmt"/>
        <line num="1156" count="0" type="cond" truecount="0" falsecount="5"/>
        <line num="1161" count="0" type="stmt"/>
        <line num="1165" count="1" type="stmt"/>
        <line num="1176" count="17" type="cond" truecount="5" falsecount="0"/>
        <line num="1181" count="12" type="stmt"/>
        <line num="1185" count="12" type="cond" truecount="2" falsecount="0"/>
        <line num="1186" count="4" type="stmt"/>
        <line num="1188" count="8" type="stmt"/>
        <line num="1194" count="5" type="cond" truecount="2" falsecount="0"/>
        <line num="1195" count="1" type="stmt"/>
        <line num="1196" count="4" type="cond" truecount="3" falsecount="1"/>
        <line num="1200" count="0" type="stmt"/>
        <line num="1204" count="0" type="stmt"/>
        <line num="1206" count="4" type="stmt"/>
      </file>
      <file name="VueCarouselPagination.vue" path="/Users/sam.wood/webprojects/personal/vue-carousel/src/components/VueCarouselPagination.vue">
        <metrics statements="3" coveredstatements="3" conditionals="2" coveredconditionals="2" methods="3" coveredmethods="3"/>
        <line num="50" count="4" type="stmt"/>
        <line num="60" count="7" type="cond" truecount="2" falsecount="0"/>
        <line num="65" count="2" type="stmt"/>
      </file>
    </package>
    <package name="scripts.helpers">
      <metrics statements="6" coveredstatements="6" conditionals="10" coveredconditionals="10" methods="1" coveredmethods="1"/>
      <file name="isTrue.js" path="/Users/sam.wood/webprojects/personal/vue-carousel/src/scripts/helpers/isTrue.js">
        <metrics statements="6" coveredstatements="6" conditionals="10" coveredconditionals="10" methods="1" coveredmethods="1"/>
        <line num="2" count="616" type="cond" truecount="3" falsecount="0"/>
        <line num="4" count="4" type="cond" truecount="2" falsecount="0"/>
        <line num="6" count="25" type="cond" truecount="2" falsecount="0"/>
        <line num="7" count="22" type="cond" truecount="2" falsecount="0"/>
        <line num="8" count="2" type="stmt"/>
        <line num="10" count="587" type="stmt"/>
      </file>
    </package>
  </project>
</coverage>
