{"/Users/sam.wood/webprojects/personal/vue-carousel/src/components/VueCarousel.vue": {"path":"/Users/sam.wood/webprojects/personal/vue-carousel/src/components/VueCarousel.vue","statementMap":{"0":{"start":{"line":73,"column":0},"end":{"line":73,"column":null}},"1":{"start":{"line":74,"column":0},"end":{"line":74,"column":null}},"2":{"start":{"line":75,"column":0},"end":{"line":75,"column":null}},"3":{"start":{"line":77,"column":0},"end":{"line":77,"column":null}},"4":{"start":{"line":78,"column":0},"end":{"line":78,"column":null}},"5":{"start":{"line":91,"column":0},"end":{"line":91,"column":null}},"6":{"start":{"line":96,"column":0},"end":{"line":96,"column":null}},"7":{"start":{"line":122,"column":0},"end":{"line":122,"column":null}},"8":{"start":{"line":123,"column":0},"end":{"line":123,"column":null}},"9":{"start":{"line":124,"column":0},"end":{"line":124,"column":null}},"10":{"start":{"line":126,"column":0},"end":{"line":126,"column":null}},"11":{"start":{"line":127,"column":0},"end":{"line":127,"column":null}},"12":{"start":{"line":128,"column":0},"end":{"line":128,"column":null}},"13":{"start":{"line":130,"column":0},"end":{"line":130,"column":null}},"14":{"start":{"line":137,"column":0},"end":{"line":137,"column":null}},"15":{"start":{"line":140,"column":0},"end":{"line":140,"column":null}},"16":{"start":{"line":147,"column":0},"end":{"line":147,"column":null}},"17":{"start":{"line":159,"column":0},"end":{"line":159,"column":null}},"18":{"start":{"line":162,"column":0},"end":{"line":162,"column":null}},"19":{"start":{"line":164,"column":0},"end":{"line":172,"column":null}},"20":{"start":{"line":165,"column":0},"end":{"line":165,"column":null}},"21":{"start":{"line":169,"column":0},"end":{"line":169,"column":null}},"22":{"start":{"line":171,"column":0},"end":{"line":171,"column":null}},"23":{"start":{"line":174,"column":0},"end":{"line":174,"column":null}},"24":{"start":{"line":181,"column":0},"end":{"line":181,"column":null}},"25":{"start":{"line":187,"column":0},"end":{"line":191,"column":null}},"26":{"start":{"line":188,"column":0},"end":{"line":188,"column":null}},"27":{"start":{"line":190,"column":0},"end":{"line":190,"column":null}},"28":{"start":{"line":196,"column":0},"end":{"line":196,"column":null}},"29":{"start":{"line":197,"column":0},"end":{"line":197,"column":null}},"30":{"start":{"line":200,"column":0},"end":{"line":200,"column":null}},"31":{"start":{"line":201,"column":0},"end":{"line":201,"column":null}},"32":{"start":{"line":205,"column":0},"end":{"line":205,"column":null}},"33":{"start":{"line":206,"column":0},"end":{"line":206,"column":null}},"34":{"start":{"line":207,"column":0},"end":{"line":207,"column":null}},"35":{"start":{"line":208,"column":0},"end":{"line":208,"column":null}},"36":{"start":{"line":209,"column":0},"end":{"line":209,"column":null}},"37":{"start":{"line":210,"column":0},"end":{"line":210,"column":null}},"38":{"start":{"line":211,"column":0},"end":{"line":211,"column":null}},"39":{"start":{"line":212,"column":0},"end":{"line":212,"column":null}},"40":{"start":{"line":214,"column":0},"end":{"line":218,"column":null}},"41":{"start":{"line":215,"column":0},"end":{"line":215,"column":null}},"42":{"start":{"line":217,"column":0},"end":{"line":217,"column":null}},"43":{"start":{"line":220,"column":0},"end":{"line":222,"column":null}},"44":{"start":{"line":221,"column":0},"end":{"line":221,"column":null}},"45":{"start":{"line":224,"column":0},"end":{"line":226,"column":null}},"46":{"start":{"line":225,"column":0},"end":{"line":225,"column":null}},"47":{"start":{"line":228,"column":0},"end":{"line":231,"column":null}},"48":{"start":{"line":229,"column":0},"end":{"line":229,"column":null}},"49":{"start":{"line":230,"column":0},"end":{"line":230,"column":null}},"50":{"start":{"line":237,"column":0},"end":{"line":237,"column":null}},"51":{"start":{"line":238,"column":0},"end":{"line":238,"column":null}},"52":{"start":{"line":241,"column":0},"end":{"line":241,"column":null}},"53":{"start":{"line":242,"column":0},"end":{"line":242,"column":null}},"54":{"start":{"line":243,"column":0},"end":{"line":243,"column":null}},"55":{"start":{"line":244,"column":0},"end":{"line":244,"column":null}},"56":{"start":{"line":245,"column":0},"end":{"line":245,"column":null}},"57":{"start":{"line":246,"column":0},"end":{"line":246,"column":null}},"58":{"start":{"line":248,"column":0},"end":{"line":252,"column":null}},"59":{"start":{"line":249,"column":0},"end":{"line":249,"column":null}},"60":{"start":{"line":251,"column":0},"end":{"line":251,"column":null}},"61":{"start":{"line":254,"column":0},"end":{"line":254,"column":null}},"62":{"start":{"line":256,"column":0},"end":{"line":258,"column":null}},"63":{"start":{"line":257,"column":0},"end":{"line":257,"column":null}},"64":{"start":{"line":260,"column":0},"end":{"line":262,"column":null}},"65":{"start":{"line":261,"column":0},"end":{"line":261,"column":null}},"66":{"start":{"line":264,"column":0},"end":{"line":267,"column":null}},"67":{"start":{"line":265,"column":0},"end":{"line":265,"column":null}},"68":{"start":{"line":266,"column":0},"end":{"line":266,"column":null}},"69":{"start":{"line":270,"column":0},"end":{"line":270,"column":null}},"70":{"start":{"line":271,"column":0},"end":{"line":271,"column":null}},"71":{"start":{"line":274,"column":0},"end":{"line":274,"column":null}},"72":{"start":{"line":275,"column":0},"end":{"line":275,"column":null}},"73":{"start":{"line":276,"column":0},"end":{"line":276,"column":null}},"74":{"start":{"line":277,"column":0},"end":{"line":277,"column":null}},"75":{"start":{"line":286,"column":0},"end":{"line":286,"column":null}},"76":{"start":{"line":288,"column":0},"end":{"line":288,"column":null}},"77":{"start":{"line":289,"column":0},"end":{"line":289,"column":null}},"78":{"start":{"line":290,"column":0},"end":{"line":290,"column":null}},"79":{"start":{"line":297,"column":0},"end":{"line":299,"column":null}},"80":{"start":{"line":298,"column":0},"end":{"line":298,"column":null}},"81":{"start":{"line":306,"column":0},"end":{"line":306,"column":null}},"82":{"start":{"line":308,"column":0},"end":{"line":308,"column":null}},"83":{"start":{"line":309,"column":0},"end":{"line":309,"column":null}},"84":{"start":{"line":310,"column":0},"end":{"line":310,"column":null}},"85":{"start":{"line":320,"column":0},"end":{"line":331,"column":null}},"86":{"start":{"line":321,"column":0},"end":{"line":321,"column":null}},"87":{"start":{"line":323,"column":0},"end":{"line":330,"column":null}},"88":{"start":{"line":327,"column":0},"end":{"line":327,"column":null}},"89":{"start":{"line":329,"column":0},"end":{"line":329,"column":null}},"90":{"start":{"line":342,"column":0},"end":{"line":342,"column":null}},"91":{"start":{"line":343,"column":0},"end":{"line":343,"column":null}},"92":{"start":{"line":344,"column":0},"end":{"line":344,"column":null}},"93":{"start":{"line":345,"column":0},"end":{"line":353,"column":null}},"94":{"start":{"line":346,"column":0},"end":{"line":346,"column":null}},"95":{"start":{"line":348,"column":0},"end":{"line":350,"column":null}},"96":{"start":{"line":349,"column":0},"end":{"line":349,"column":null}},"97":{"start":{"line":352,"column":0},"end":{"line":352,"column":null}},"98":{"start":{"line":354,"column":0},"end":{"line":354,"column":null}},"99":{"start":{"line":357,"column":0},"end":{"line":359,"column":null}},"100":{"start":{"line":358,"column":0},"end":{"line":358,"column":null}},"101":{"start":{"line":365,"column":0},"end":{"line":365,"column":null}},"102":{"start":{"line":377,"column":0},"end":{"line":377,"column":null}},"103":{"start":{"line":383,"column":0},"end":{"line":383,"column":null}},"104":{"start":{"line":391,"column":0},"end":{"line":395,"column":null}},"105":{"start":{"line":392,"column":0},"end":{"line":392,"column":null}},"106":{"start":{"line":394,"column":0},"end":{"line":394,"column":null}},"107":{"start":{"line":411,"column":0},"end":{"line":411,"column":null}},"108":{"start":{"line":413,"column":0},"end":{"line":413,"column":null}},"109":{"start":{"line":415,"column":0},"end":{"line":415,"column":null}},"110":{"start":{"line":416,"column":0},"end":{"line":416,"column":null}},"111":{"start":{"line":418,"column":0},"end":{"line":418,"column":null}},"112":{"start":{"line":419,"column":0},"end":{"line":419,"column":null}},"113":{"start":{"line":421,"column":0},"end":{"line":421,"column":null}},"114":{"start":{"line":422,"column":0},"end":{"line":422,"column":null}},"115":{"start":{"line":424,"column":0},"end":{"line":424,"column":null}},"116":{"start":{"line":425,"column":0},"end":{"line":425,"column":null}},"117":{"start":{"line":427,"column":0},"end":{"line":427,"column":null}},"118":{"start":{"line":428,"column":0},"end":{"line":428,"column":null}},"119":{"start":{"line":433,"column":0},"end":{"line":435,"column":null}},"120":{"start":{"line":434,"column":0},"end":{"line":434,"column":null}},"121":{"start":{"line":437,"column":0},"end":{"line":437,"column":null}},"122":{"start":{"line":440,"column":0},"end":{"line":444,"column":null}},"123":{"start":{"line":441,"column":0},"end":{"line":441,"column":null}},"124":{"start":{"line":443,"column":0},"end":{"line":443,"column":null}},"125":{"start":{"line":453,"column":0},"end":{"line":478,"column":null}},"126":{"start":{"line":455,"column":0},"end":{"line":459,"column":null}},"127":{"start":{"line":456,"column":0},"end":{"line":456,"column":null}},"128":{"start":{"line":458,"column":0},"end":{"line":458,"column":null}},"129":{"start":{"line":462,"column":0},"end":{"line":477,"column":null}},"130":{"start":{"line":468,"column":0},"end":{"line":468,"column":null}},"131":{"start":{"line":469,"column":0},"end":{"line":477,"column":null}},"132":{"start":{"line":474,"column":0},"end":{"line":474,"column":null}},"133":{"start":{"line":489,"column":0},"end":{"line":489,"column":null}},"134":{"start":{"line":491,"column":0},"end":{"line":518,"column":null}},"135":{"start":{"line":492,"column":0},"end":{"line":501,"column":null}},"136":{"start":{"line":493,"column":0},"end":{"line":493,"column":null}},"137":{"start":{"line":494,"column":0},"end":{"line":499,"column":null}},"138":{"start":{"line":497,"column":0},"end":{"line":497,"column":null}},"139":{"start":{"line":502,"column":0},"end":{"line":502,"column":null}},"140":{"start":{"line":504,"column":0},"end":{"line":516,"column":null}},"141":{"start":{"line":508,"column":0},"end":{"line":508,"column":null}},"142":{"start":{"line":509,"column":0},"end":{"line":514,"column":null}},"143":{"start":{"line":512,"column":0},"end":{"line":512,"column":null}},"144":{"start":{"line":517,"column":0},"end":{"line":517,"column":null}},"145":{"start":{"line":526,"column":0},"end":{"line":532,"column":null}},"146":{"start":{"line":527,"column":0},"end":{"line":531,"column":null}},"147":{"start":{"line":528,"column":0},"end":{"line":528,"column":null}},"148":{"start":{"line":530,"column":0},"end":{"line":530,"column":null}},"149":{"start":{"line":542,"column":0},"end":{"line":542,"column":null}},"150":{"start":{"line":544,"column":0},"end":{"line":551,"column":null}},"151":{"start":{"line":548,"column":0},"end":{"line":548,"column":null}},"152":{"start":{"line":550,"column":0},"end":{"line":550,"column":null}},"153":{"start":{"line":561,"column":0},"end":{"line":561,"column":null}},"154":{"start":{"line":562,"column":0},"end":{"line":562,"column":null}},"155":{"start":{"line":563,"column":0},"end":{"line":563,"column":null}},"156":{"start":{"line":566,"column":0},"end":{"line":566,"column":null}},"157":{"start":{"line":568,"column":0},"end":{"line":568,"column":null}},"158":{"start":{"line":569,"column":0},"end":{"line":569,"column":null}},"159":{"start":{"line":572,"column":0},"end":{"line":580,"column":null}},"160":{"start":{"line":573,"column":0},"end":{"line":573,"column":null}},"161":{"start":{"line":575,"column":0},"end":{"line":579,"column":null}},"162":{"start":{"line":576,"column":0},"end":{"line":576,"column":null}},"163":{"start":{"line":578,"column":0},"end":{"line":578,"column":null}},"164":{"start":{"line":587,"column":0},"end":{"line":587,"column":null}},"165":{"start":{"line":589,"column":0},"end":{"line":589,"column":null}},"166":{"start":{"line":590,"column":0},"end":{"line":590,"column":null}},"167":{"start":{"line":606,"column":0},"end":{"line":608,"column":null}},"168":{"start":{"line":607,"column":0},"end":{"line":607,"column":null}},"169":{"start":{"line":615,"column":0},"end":{"line":617,"column":null}},"170":{"start":{"line":616,"column":0},"end":{"line":616,"column":null}},"171":{"start":{"line":626,"column":0},"end":{"line":630,"column":null}},"172":{"start":{"line":627,"column":0},"end":{"line":627,"column":null}},"173":{"start":{"line":629,"column":0},"end":{"line":629,"column":null}},"174":{"start":{"line":636,"column":0},"end":{"line":636,"column":null}},"175":{"start":{"line":644,"column":0},"end":{"line":644,"column":null}},"176":{"start":{"line":645,"column":0},"end":{"line":645,"column":null}},"177":{"start":{"line":646,"column":0},"end":{"line":646,"column":null}},"178":{"start":{"line":649,"column":0},"end":{"line":651,"column":null}},"179":{"start":{"line":650,"column":0},"end":{"line":650,"column":null}},"180":{"start":{"line":659,"column":0},"end":{"line":659,"column":null}},"181":{"start":{"line":660,"column":0},"end":{"line":660,"column":null}},"182":{"start":{"line":661,"column":0},"end":{"line":661,"column":null}},"183":{"start":{"line":662,"column":0},"end":{"line":662,"column":null}},"184":{"start":{"line":665,"column":0},"end":{"line":667,"column":null}},"185":{"start":{"line":666,"column":0},"end":{"line":666,"column":null}},"186":{"start":{"line":675,"column":0},"end":{"line":675,"column":null}},"187":{"start":{"line":676,"column":0},"end":{"line":683,"column":null}},"188":{"start":{"line":678,"column":0},"end":{"line":678,"column":null}},"189":{"start":{"line":679,"column":0},"end":{"line":679,"column":null}},"190":{"start":{"line":681,"column":0},"end":{"line":681,"column":null}},"191":{"start":{"line":682,"column":0},"end":{"line":682,"column":null}},"192":{"start":{"line":690,"column":0},"end":{"line":693,"column":null}},"193":{"start":{"line":691,"column":0},"end":{"line":691,"column":null}},"194":{"start":{"line":692,"column":0},"end":{"line":692,"column":null}},"195":{"start":{"line":699,"column":0},"end":{"line":701,"column":null}},"196":{"start":{"line":700,"column":0},"end":{"line":700,"column":null}},"197":{"start":{"line":708,"column":0},"end":{"line":708,"column":null}},"198":{"start":{"line":710,"column":0},"end":{"line":710,"column":null}},"199":{"start":{"line":711,"column":0},"end":{"line":711,"column":null}},"200":{"start":{"line":712,"column":0},"end":{"line":712,"column":null}},"201":{"start":{"line":718,"column":0},"end":{"line":720,"column":null}},"202":{"start":{"line":719,"column":0},"end":{"line":719,"column":null}},"203":{"start":{"line":727,"column":0},"end":{"line":727,"column":null}},"204":{"start":{"line":729,"column":0},"end":{"line":729,"column":null}},"205":{"start":{"line":730,"column":0},"end":{"line":730,"column":null}},"206":{"start":{"line":731,"column":0},"end":{"line":731,"column":null}},"207":{"start":{"line":740,"column":0},"end":{"line":745,"column":null}},"208":{"start":{"line":741,"column":0},"end":{"line":741,"column":null}},"209":{"start":{"line":752,"column":0},"end":{"line":752,"column":null}},"210":{"start":{"line":753,"column":0},"end":{"line":753,"column":null}},"211":{"start":{"line":757,"column":0},"end":{"line":762,"column":null}},"212":{"start":{"line":765,"column":0},"end":{"line":768,"column":null}},"213":{"start":{"line":767,"column":0},"end":{"line":767,"column":null}},"214":{"start":{"line":770,"column":0},"end":{"line":770,"column":null}},"215":{"start":{"line":778,"column":0},"end":{"line":778,"column":null}},"216":{"start":{"line":789,"column":0},"end":{"line":789,"column":null}},"217":{"start":{"line":790,"column":0},"end":{"line":790,"column":null}},"218":{"start":{"line":797,"column":0},"end":{"line":797,"column":null}},"219":{"start":{"line":804,"column":0},"end":{"line":804,"column":null}},"220":{"start":{"line":805,"column":0},"end":{"line":805,"column":null}},"221":{"start":{"line":806,"column":0},"end":{"line":806,"column":null}},"222":{"start":{"line":807,"column":0},"end":{"line":807,"column":null}},"223":{"start":{"line":808,"column":0},"end":{"line":808,"column":null}},"224":{"start":{"line":809,"column":0},"end":{"line":809,"column":null}},"225":{"start":{"line":810,"column":0},"end":{"line":810,"column":null}},"226":{"start":{"line":817,"column":0},"end":{"line":817,"column":null}},"227":{"start":{"line":820,"column":0},"end":{"line":820,"column":null}},"228":{"start":{"line":821,"column":0},"end":{"line":821,"column":null}},"229":{"start":{"line":830,"column":0},"end":{"line":830,"column":null}},"230":{"start":{"line":832,"column":0},"end":{"line":832,"column":null}},"231":{"start":{"line":834,"column":0},"end":{"line":834,"column":null}},"232":{"start":{"line":837,"column":0},"end":{"line":837,"column":null}},"233":{"start":{"line":839,"column":0},"end":{"line":839,"column":null}},"234":{"start":{"line":842,"column":0},"end":{"line":842,"column":null}},"235":{"start":{"line":844,"column":0},"end":{"line":844,"column":null}},"236":{"start":{"line":847,"column":0},"end":{"line":847,"column":null}},"237":{"start":{"line":849,"column":0},"end":{"line":849,"column":null}},"238":{"start":{"line":850,"column":0},"end":{"line":850,"column":null}},"239":{"start":{"line":852,"column":0},"end":{"line":852,"column":null}},"240":{"start":{"line":853,"column":0},"end":{"line":853,"column":null}},"241":{"start":{"line":856,"column":0},"end":{"line":856,"column":null}},"242":{"start":{"line":865,"column":0},"end":{"line":865,"column":null}},"243":{"start":{"line":879,"column":0},"end":{"line":879,"column":null}},"244":{"start":{"line":924,"column":0},"end":{"line":924,"column":null}},"245":{"start":{"line":926,"column":0},"end":{"line":975,"column":null}},"246":{"start":{"line":933,"column":0},"end":{"line":933,"column":null}},"247":{"start":{"line":945,"column":0},"end":{"line":945,"column":null}},"248":{"start":{"line":949,"column":0},"end":{"line":949,"column":null}},"249":{"start":{"line":960,"column":0},"end":{"line":974,"column":null}},"250":{"start":{"line":961,"column":0},"end":{"line":961,"column":null}},"251":{"start":{"line":964,"column":0},"end":{"line":964,"column":null}},"252":{"start":{"line":968,"column":0},"end":{"line":973,"column":null}},"253":{"start":{"line":969,"column":0},"end":{"line":969,"column":null}},"254":{"start":{"line":970,"column":0},"end":{"line":970,"column":null}},"255":{"start":{"line":977,"column":0},"end":{"line":977,"column":null}},"256":{"start":{"line":994,"column":0},"end":{"line":994,"column":null}},"257":{"start":{"line":996,"column":0},"end":{"line":996,"column":null}},"258":{"start":{"line":997,"column":0},"end":{"line":997,"column":null}},"259":{"start":{"line":999,"column":0},"end":{"line":999,"column":null}},"260":{"start":{"line":1000,"column":0},"end":{"line":1000,"column":null}},"261":{"start":{"line":1002,"column":0},"end":{"line":1002,"column":null}},"262":{"start":{"line":1003,"column":0},"end":{"line":1003,"column":null}},"263":{"start":{"line":1005,"column":0},"end":{"line":1005,"column":null}},"264":{"start":{"line":1006,"column":0},"end":{"line":1006,"column":null}},"265":{"start":{"line":1008,"column":0},"end":{"line":1008,"column":null}},"266":{"start":{"line":1009,"column":0},"end":{"line":1009,"column":null}},"267":{"start":{"line":1018,"column":0},"end":{"line":1037,"column":null}},"268":{"start":{"line":1019,"column":0},"end":{"line":1036,"column":null}},"269":{"start":{"line":1020,"column":0},"end":{"line":1027,"column":null}},"270":{"start":{"line":1026,"column":0},"end":{"line":1026,"column":null}},"271":{"start":{"line":1029,"column":0},"end":{"line":1029,"column":null}},"272":{"start":{"line":1035,"column":0},"end":{"line":1035,"column":null}},"273":{"start":{"line":1038,"column":0},"end":{"line":1038,"column":null}},"274":{"start":{"line":1049,"column":0},"end":{"line":1049,"column":null}},"275":{"start":{"line":1051,"column":0},"end":{"line":1067,"column":null}},"276":{"start":{"line":1052,"column":0},"end":{"line":1065,"column":null}},"277":{"start":{"line":1056,"column":0},"end":{"line":1056,"column":null}},"278":{"start":{"line":1057,"column":0},"end":{"line":1065,"column":null}},"279":{"start":{"line":1062,"column":0},"end":{"line":1062,"column":null}},"280":{"start":{"line":1066,"column":0},"end":{"line":1066,"column":null}}},"fnMap":{"0":{"name":"(anonymous_1)","decl":{"start":{"line":90,"column":0},"end":{"line":90,"column":null}},"loc":{"start":{"line":90,"column":0},"end":{"line":92,"column":null}}},"1":{"name":"(anonymous_2)","decl":{"start":{"line":95,"column":0},"end":{"line":95,"column":null}},"loc":{"start":{"line":95,"column":0},"end":{"line":119,"column":null}}},"2":{"name":"(anonymous_3)","decl":{"start":{"line":121,"column":0},"end":{"line":121,"column":null}},"loc":{"start":{"line":121,"column":0},"end":{"line":141,"column":null}}},"3":{"name":"(anonymous_4)","decl":{"start":{"line":146,"column":0},"end":{"line":146,"column":null}},"loc":{"start":{"line":146,"column":0},"end":{"line":153,"column":null}}},"4":{"name":"(anonymous_5)","decl":{"start":{"line":158,"column":0},"end":{"line":158,"column":null}},"loc":{"start":{"line":158,"column":0},"end":{"line":179,"column":null}}},"5":{"name":"(anonymous_6)","decl":{"start":{"line":180,"column":0},"end":{"line":180,"column":null}},"loc":{"start":{"line":180,"column":0},"end":{"line":185,"column":null}}},"6":{"name":"(anonymous_7)","decl":{"start":{"line":186,"column":0},"end":{"line":186,"column":null}},"loc":{"start":{"line":186,"column":0},"end":{"line":192,"column":null}}},"7":{"name":"(anonymous_8)","decl":{"start":{"line":195,"column":0},"end":{"line":195,"column":null}},"loc":{"start":{"line":195,"column":0},"end":{"line":198,"column":null}}},"8":{"name":"(anonymous_9)","decl":{"start":{"line":199,"column":0},"end":{"line":199,"column":null}},"loc":{"start":{"line":199,"column":0},"end":{"line":202,"column":null}}},"9":{"name":"(anonymous_10)","decl":{"start":{"line":204,"column":0},"end":{"line":204,"column":null}},"loc":{"start":{"line":204,"column":0},"end":{"line":232,"column":null}}},"10":{"name":"(anonymous_11)","decl":{"start":{"line":236,"column":0},"end":{"line":236,"column":null}},"loc":{"start":{"line":236,"column":0},"end":{"line":239,"column":null}}},"11":{"name":"(anonymous_12)","decl":{"start":{"line":240,"column":0},"end":{"line":240,"column":null}},"loc":{"start":{"line":240,"column":0},"end":{"line":268,"column":null}}},"12":{"name":"(anonymous_13)","decl":{"start":{"line":269,"column":0},"end":{"line":269,"column":null}},"loc":{"start":{"line":269,"column":0},"end":{"line":272,"column":null}}},"13":{"name":"(anonymous_14)","decl":{"start":{"line":273,"column":0},"end":{"line":273,"column":null}},"loc":{"start":{"line":273,"column":0},"end":{"line":278,"column":null}}},"14":{"name":"(anonymous_15)","decl":{"start":{"line":285,"column":0},"end":{"line":285,"column":null}},"loc":{"start":{"line":285,"column":0},"end":{"line":291,"column":null}}},"15":{"name":"(anonymous_16)","decl":{"start":{"line":296,"column":0},"end":{"line":296,"column":null}},"loc":{"start":{"line":296,"column":0},"end":{"line":300,"column":null}}},"16":{"name":"(anonymous_17)","decl":{"start":{"line":305,"column":0},"end":{"line":305,"column":null}},"loc":{"start":{"line":305,"column":0},"end":{"line":313,"column":null}}},"17":{"name":"(anonymous_18)","decl":{"start":{"line":319,"column":0},"end":{"line":319,"column":null}},"loc":{"start":{"line":319,"column":0},"end":{"line":332,"column":null}}},"18":{"name":"(anonymous_19)","decl":{"start":{"line":341,"column":0},"end":{"line":341,"column":null}},"loc":{"start":{"line":341,"column":0},"end":{"line":355,"column":null}}},"19":{"name":"(anonymous_20)","decl":{"start":{"line":356,"column":0},"end":{"line":356,"column":null}},"loc":{"start":{"line":356,"column":0},"end":{"line":360,"column":null}}},"20":{"name":"(anonymous_21)","decl":{"start":{"line":364,"column":0},"end":{"line":364,"column":null}},"loc":{"start":{"line":364,"column":0},"end":{"line":366,"column":null}}},"21":{"name":"(anonymous_22)","decl":{"start":{"line":375,"column":0},"end":{"line":375,"column":null}},"loc":{"start":{"line":375,"column":0},"end":{"line":378,"column":null}}},"22":{"name":"(anonymous_23)","decl":{"start":{"line":382,"column":0},"end":{"line":382,"column":null}},"loc":{"start":{"line":382,"column":0},"end":{"line":384,"column":null}}},"23":{"name":"(anonymous_24)","decl":{"start":{"line":390,"column":0},"end":{"line":390,"column":null}},"loc":{"start":{"line":390,"column":0},"end":{"line":396,"column":null}}},"24":{"name":"(anonymous_25)","decl":{"start":{"line":410,"column":0},"end":{"line":410,"column":null}},"loc":{"start":{"line":410,"column":0},"end":{"line":438,"column":null}}},"25":{"name":"(anonymous_26)","decl":{"start":{"line":439,"column":0},"end":{"line":439,"column":null}},"loc":{"start":{"line":439,"column":0},"end":{"line":445,"column":null}}},"26":{"name":"(anonymous_27)","decl":{"start":{"line":452,"column":0},"end":{"line":452,"column":null}},"loc":{"start":{"line":452,"column":0},"end":{"line":479,"column":null}}},"27":{"name":"(anonymous_28)","decl":{"start":{"line":488,"column":0},"end":{"line":488,"column":null}},"loc":{"start":{"line":488,"column":0},"end":{"line":519,"column":null}}},"28":{"name":"(anonymous_29)","decl":{"start":{"line":494,"column":0},"end":{"line":494,"column":null}},"loc":{"start":{"line":494,"column":0},"end":{"line":498,"column":null}}},"29":{"name":"(anonymous_30)","decl":{"start":{"line":509,"column":0},"end":{"line":509,"column":null}},"loc":{"start":{"line":509,"column":0},"end":{"line":513,"column":null}}},"30":{"name":"(anonymous_31)","decl":{"start":{"line":525,"column":0},"end":{"line":525,"column":null}},"loc":{"start":{"line":525,"column":0},"end":{"line":533,"column":null}}},"31":{"name":"(anonymous_32)","decl":{"start":{"line":526,"column":0},"end":{"line":526,"column":null}},"loc":{"start":{"line":526,"column":0},"end":{"line":532,"column":null}}},"32":{"name":"(anonymous_33)","decl":{"start":{"line":539,"column":0},"end":{"line":539,"column":null}},"loc":{"start":{"line":539,"column":0},"end":{"line":552,"column":null}}},"33":{"name":"(anonymous_34)","decl":{"start":{"line":559,"column":0},"end":{"line":559,"column":null}},"loc":{"start":{"line":559,"column":0},"end":{"line":581,"column":null}}},"34":{"name":"(anonymous_35)","decl":{"start":{"line":586,"column":0},"end":{"line":586,"column":null}},"loc":{"start":{"line":586,"column":0},"end":{"line":599,"column":null}}},"35":{"name":"(anonymous_36)","decl":{"start":{"line":605,"column":0},"end":{"line":605,"column":null}},"loc":{"start":{"line":605,"column":0},"end":{"line":609,"column":null}}},"36":{"name":"(anonymous_37)","decl":{"start":{"line":614,"column":0},"end":{"line":614,"column":null}},"loc":{"start":{"line":614,"column":0},"end":{"line":618,"column":null}}},"37":{"name":"(anonymous_38)","decl":{"start":{"line":625,"column":0},"end":{"line":625,"column":null}},"loc":{"start":{"line":625,"column":0},"end":{"line":631,"column":null}}},"38":{"name":"(anonymous_39)","decl":{"start":{"line":635,"column":0},"end":{"line":635,"column":null}},"loc":{"start":{"line":635,"column":0},"end":{"line":637,"column":null}}},"39":{"name":"(anonymous_40)","decl":{"start":{"line":642,"column":0},"end":{"line":642,"column":null}},"loc":{"start":{"line":642,"column":0},"end":{"line":652,"column":null}}},"40":{"name":"(anonymous_41)","decl":{"start":{"line":657,"column":0},"end":{"line":657,"column":null}},"loc":{"start":{"line":657,"column":0},"end":{"line":668,"column":null}}},"41":{"name":"(anonymous_42)","decl":{"start":{"line":673,"column":0},"end":{"line":673,"column":null}},"loc":{"start":{"line":673,"column":0},"end":{"line":684,"column":null}}},"42":{"name":"(anonymous_43)","decl":{"start":{"line":689,"column":0},"end":{"line":689,"column":null}},"loc":{"start":{"line":689,"column":0},"end":{"line":694,"column":null}}},"43":{"name":"(anonymous_44)","decl":{"start":{"line":698,"column":0},"end":{"line":698,"column":null}},"loc":{"start":{"line":698,"column":0},"end":{"line":702,"column":null}}},"44":{"name":"(anonymous_45)","decl":{"start":{"line":707,"column":0},"end":{"line":707,"column":null}},"loc":{"start":{"line":707,"column":0},"end":{"line":713,"column":null}}},"45":{"name":"(anonymous_46)","decl":{"start":{"line":717,"column":0},"end":{"line":717,"column":null}},"loc":{"start":{"line":717,"column":0},"end":{"line":721,"column":null}}},"46":{"name":"(anonymous_47)","decl":{"start":{"line":726,"column":0},"end":{"line":726,"column":null}},"loc":{"start":{"line":726,"column":0},"end":{"line":734,"column":null}}},"47":{"name":"(anonymous_48)","decl":{"start":{"line":739,"column":0},"end":{"line":739,"column":null}},"loc":{"start":{"line":739,"column":0},"end":{"line":746,"column":null}}},"48":{"name":"(anonymous_49)","decl":{"start":{"line":751,"column":0},"end":{"line":751,"column":null}},"loc":{"start":{"line":751,"column":0},"end":{"line":771,"column":null}}},"49":{"name":"(anonymous_50)","decl":{"start":{"line":765,"column":0},"end":{"line":765,"column":null}},"loc":{"start":{"line":765,"column":0},"end":{"line":768,"column":null}}},"50":{"name":"(anonymous_51)","decl":{"start":{"line":777,"column":0},"end":{"line":777,"column":null}},"loc":{"start":{"line":777,"column":0},"end":{"line":779,"column":null}}},"51":{"name":"(anonymous_52)","decl":{"start":{"line":788,"column":0},"end":{"line":788,"column":null}},"loc":{"start":{"line":788,"column":0},"end":{"line":791,"column":null}}},"52":{"name":"(anonymous_53)","decl":{"start":{"line":796,"column":0},"end":{"line":796,"column":null}},"loc":{"start":{"line":796,"column":0},"end":{"line":798,"column":null}}},"53":{"name":"(anonymous_54)","decl":{"start":{"line":803,"column":0},"end":{"line":803,"column":null}},"loc":{"start":{"line":803,"column":0},"end":{"line":811,"column":null}}},"54":{"name":"(anonymous_55)","decl":{"start":{"line":816,"column":0},"end":{"line":816,"column":null}},"loc":{"start":{"line":816,"column":0},"end":{"line":822,"column":null}}},"55":{"name":"(anonymous_56)","decl":{"start":{"line":829,"column":0},"end":{"line":829,"column":null}},"loc":{"start":{"line":829,"column":0},"end":{"line":857,"column":null}}},"56":{"name":"(anonymous_57)","decl":{"start":{"line":864,"column":0},"end":{"line":864,"column":null}},"loc":{"start":{"line":864,"column":0},"end":{"line":868,"column":null}}},"57":{"name":"(anonymous_58)","decl":{"start":{"line":865,"column":0},"end":{"line":865,"column":null}},"loc":{"start":{"line":865,"column":0},"end":{"line":865,"column":null}}},"58":{"name":"(anonymous_59)","decl":{"start":{"line":878,"column":0},"end":{"line":878,"column":null}},"loc":{"start":{"line":878,"column":0},"end":{"line":981,"column":null}}},"59":{"name":"(anonymous_60)","decl":{"start":{"line":879,"column":0},"end":{"line":879,"column":null}},"loc":{"start":{"line":879,"column":0},"end":{"line":879,"column":null}}},"60":{"name":"(anonymous_61)","decl":{"start":{"line":993,"column":0},"end":{"line":993,"column":null}},"loc":{"start":{"line":993,"column":0},"end":{"line":1011,"column":null}}},"61":{"name":"(anonymous_62)","decl":{"start":{"line":1017,"column":0},"end":{"line":1017,"column":null}},"loc":{"start":{"line":1017,"column":0},"end":{"line":1039,"column":null}}},"62":{"name":"(anonymous_63)","decl":{"start":{"line":1048,"column":0},"end":{"line":1048,"column":null}},"loc":{"start":{"line":1048,"column":0},"end":{"line":1068,"column":null}}},"63":{"name":"(anonymous_64)","decl":{"start":{"line":1051,"column":0},"end":{"line":1051,"column":null}},"loc":{"start":{"line":1051,"column":0},"end":{"line":1067,"column":null}}}},"branchMap":{"0":{"loc":{"start":{"line":124,"column":0},"end":{"line":124,"column":null}},"type":"if","locations":[{"start":{"line":124,"column":0},"end":{"line":124,"column":null}},{"start":{"line":124,"column":0},"end":{"line":124,"column":null}}]},"1":{"loc":{"start":{"line":148,"column":0},"end":{"line":148,"column":null}},"type":"cond-expr","locations":[{"start":{"line":148,"column":0},"end":{"line":148,"column":null}},{"start":{"line":148,"column":0},"end":{"line":148,"column":null}}]},"2":{"loc":{"start":{"line":149,"column":0},"end":{"line":149,"column":null}},"type":"cond-expr","locations":[{"start":{"line":149,"column":0},"end":{"line":149,"column":null}},{"start":{"line":149,"column":0},"end":{"line":149,"column":null}}]},"3":{"loc":{"start":{"line":159,"column":0},"end":{"line":159,"column":null}},"type":"if","locations":[{"start":{"line":159,"column":0},"end":{"line":159,"column":null}},{"start":{"line":159,"column":0},"end":{"line":159,"column":null}}]},"4":{"loc":{"start":{"line":164,"column":0},"end":{"line":172,"column":null}},"type":"if","locations":[{"start":{"line":164,"column":0},"end":{"line":172,"column":null}},{"start":{"line":164,"column":0},"end":{"line":172,"column":null}}]},"5":{"loc":{"start":{"line":176,"column":0},"end":{"line":176,"column":null}},"type":"cond-expr","locations":[{"start":{"line":176,"column":0},"end":{"line":176,"column":null}},{"start":{"line":176,"column":0},"end":{"line":176,"column":null}}]},"6":{"loc":{"start":{"line":181,"column":0},"end":{"line":181,"column":null}},"type":"cond-expr","locations":[{"start":{"line":181,"column":0},"end":{"line":181,"column":null}},{"start":{"line":181,"column":0},"end":{"line":181,"column":null}}]},"7":{"loc":{"start":{"line":187,"column":0},"end":{"line":191,"column":null}},"type":"if","locations":[{"start":{"line":187,"column":0},"end":{"line":191,"column":null}},{"start":{"line":187,"column":0},"end":{"line":191,"column":null}}]},"8":{"loc":{"start":{"line":214,"column":0},"end":{"line":218,"column":null}},"type":"if","locations":[{"start":{"line":214,"column":0},"end":{"line":218,"column":null}},{"start":{"line":214,"column":0},"end":{"line":218,"column":null}}]},"9":{"loc":{"start":{"line":220,"column":0},"end":{"line":222,"column":null}},"type":"if","locations":[{"start":{"line":220,"column":0},"end":{"line":222,"column":null}},{"start":{"line":220,"column":0},"end":{"line":222,"column":null}}]},"10":{"loc":{"start":{"line":224,"column":0},"end":{"line":226,"column":null}},"type":"if","locations":[{"start":{"line":224,"column":0},"end":{"line":226,"column":null}},{"start":{"line":224,"column":0},"end":{"line":226,"column":null}}]},"11":{"loc":{"start":{"line":228,"column":0},"end":{"line":231,"column":null}},"type":"if","locations":[{"start":{"line":228,"column":0},"end":{"line":231,"column":null}},{"start":{"line":228,"column":0},"end":{"line":231,"column":null}}]},"12":{"loc":{"start":{"line":248,"column":0},"end":{"line":252,"column":null}},"type":"if","locations":[{"start":{"line":248,"column":0},"end":{"line":252,"column":null}},{"start":{"line":248,"column":0},"end":{"line":252,"column":null}}]},"13":{"loc":{"start":{"line":256,"column":0},"end":{"line":258,"column":null}},"type":"if","locations":[{"start":{"line":256,"column":0},"end":{"line":258,"column":null}},{"start":{"line":256,"column":0},"end":{"line":258,"column":null}}]},"14":{"loc":{"start":{"line":260,"column":0},"end":{"line":262,"column":null}},"type":"if","locations":[{"start":{"line":260,"column":0},"end":{"line":262,"column":null}},{"start":{"line":260,"column":0},"end":{"line":262,"column":null}}]},"15":{"loc":{"start":{"line":264,"column":0},"end":{"line":267,"column":null}},"type":"if","locations":[{"start":{"line":264,"column":0},"end":{"line":267,"column":null}},{"start":{"line":264,"column":0},"end":{"line":267,"column":null}}]},"16":{"loc":{"start":{"line":297,"column":0},"end":{"line":299,"column":null}},"type":"if","locations":[{"start":{"line":297,"column":0},"end":{"line":299,"column":null}},{"start":{"line":297,"column":0},"end":{"line":299,"column":null}}]},"17":{"loc":{"start":{"line":320,"column":0},"end":{"line":331,"column":null}},"type":"if","locations":[{"start":{"line":320,"column":0},"end":{"line":331,"column":null}},{"start":{"line":320,"column":0},"end":{"line":331,"column":null}}]},"18":{"loc":{"start":{"line":323,"column":0},"end":{"line":330,"column":null}},"type":"if","locations":[{"start":{"line":323,"column":0},"end":{"line":330,"column":null}},{"start":{"line":323,"column":0},"end":{"line":330,"column":null}}]},"19":{"loc":{"start":{"line":345,"column":0},"end":{"line":353,"column":null}},"type":"if","locations":[{"start":{"line":345,"column":0},"end":{"line":353,"column":null}},{"start":{"line":345,"column":0},"end":{"line":353,"column":null}}]},"20":{"loc":{"start":{"line":345,"column":0},"end":{"line":345,"column":null}},"type":"binary-expr","locations":[{"start":{"line":345,"column":0},"end":{"line":345,"column":null}},{"start":{"line":345,"column":0},"end":{"line":345,"column":null}}]},"21":{"loc":{"start":{"line":348,"column":0},"end":{"line":350,"column":null}},"type":"if","locations":[{"start":{"line":348,"column":0},"end":{"line":350,"column":null}},{"start":{"line":348,"column":0},"end":{"line":350,"column":null}}]},"22":{"loc":{"start":{"line":349,"column":0},"end":{"line":349,"column":null}},"type":"cond-expr","locations":[{"start":{"line":349,"column":0},"end":{"line":349,"column":null}},{"start":{"line":349,"column":0},"end":{"line":349,"column":null}}]},"23":{"loc":{"start":{"line":357,"column":0},"end":{"line":359,"column":null}},"type":"if","locations":[{"start":{"line":357,"column":0},"end":{"line":359,"column":null}},{"start":{"line":357,"column":0},"end":{"line":359,"column":null}}]},"24":{"loc":{"start":{"line":391,"column":0},"end":{"line":395,"column":null}},"type":"if","locations":[{"start":{"line":391,"column":0},"end":{"line":395,"column":null}},{"start":{"line":391,"column":0},"end":{"line":395,"column":null}}]},"25":{"loc":{"start":{"line":414,"column":0},"end":{"line":416,"column":null}},"type":"switch","locations":[{"start":{"line":414,"column":0},"end":{"line":416,"column":null}},{"start":{"line":417,"column":0},"end":{"line":419,"column":null}},{"start":{"line":420,"column":0},"end":{"line":422,"column":null}},{"start":{"line":423,"column":0},"end":{"line":425,"column":null}},{"start":{"line":426,"column":0},"end":{"line":428,"column":null}}]},"26":{"loc":{"start":{"line":415,"column":0},"end":{"line":415,"column":null}},"type":"binary-expr","locations":[{"start":{"line":415,"column":0},"end":{"line":415,"column":null}},{"start":{"line":415,"column":0},"end":{"line":415,"column":null}},{"start":{"line":415,"column":0},"end":{"line":415,"column":null}},{"start":{"line":415,"column":0},"end":{"line":415,"column":null}},{"start":{"line":415,"column":0},"end":{"line":415,"column":null}}]},"27":{"loc":{"start":{"line":418,"column":0},"end":{"line":418,"column":null}},"type":"binary-expr","locations":[{"start":{"line":418,"column":0},"end":{"line":418,"column":null}},{"start":{"line":418,"column":0},"end":{"line":418,"column":null}},{"start":{"line":418,"column":0},"end":{"line":418,"column":null}},{"start":{"line":418,"column":0},"end":{"line":418,"column":null}}]},"28":{"loc":{"start":{"line":421,"column":0},"end":{"line":421,"column":null}},"type":"binary-expr","locations":[{"start":{"line":421,"column":0},"end":{"line":421,"column":null}},{"start":{"line":421,"column":0},"end":{"line":421,"column":null}},{"start":{"line":421,"column":0},"end":{"line":421,"column":null}}]},"29":{"loc":{"start":{"line":424,"column":0},"end":{"line":424,"column":null}},"type":"binary-expr","locations":[{"start":{"line":424,"column":0},"end":{"line":424,"column":null}},{"start":{"line":424,"column":0},"end":{"line":424,"column":null}}]},"30":{"loc":{"start":{"line":433,"column":0},"end":{"line":435,"column":null}},"type":"if","locations":[{"start":{"line":433,"column":0},"end":{"line":435,"column":null}},{"start":{"line":433,"column":0},"end":{"line":435,"column":null}}]},"31":{"loc":{"start":{"line":440,"column":0},"end":{"line":444,"column":null}},"type":"if","locations":[{"start":{"line":440,"column":0},"end":{"line":444,"column":null}},{"start":{"line":440,"column":0},"end":{"line":444,"column":null}}]},"32":{"loc":{"start":{"line":453,"column":0},"end":{"line":478,"column":null}},"type":"if","locations":[{"start":{"line":453,"column":0},"end":{"line":478,"column":null}},{"start":{"line":453,"column":0},"end":{"line":478,"column":null}}]},"33":{"loc":{"start":{"line":455,"column":0},"end":{"line":459,"column":null}},"type":"if","locations":[{"start":{"line":455,"column":0},"end":{"line":459,"column":null}},{"start":{"line":455,"column":0},"end":{"line":459,"column":null}}]},"34":{"loc":{"start":{"line":462,"column":0},"end":{"line":477,"column":null}},"type":"if","locations":[{"start":{"line":462,"column":0},"end":{"line":477,"column":null}},{"start":{"line":462,"column":0},"end":{"line":477,"column":null}}]},"35":{"loc":{"start":{"line":462,"column":0},"end":{"line":462,"column":null}},"type":"binary-expr","locations":[{"start":{"line":462,"column":0},"end":{"line":462,"column":null}},{"start":{"line":462,"column":0},"end":{"line":462,"column":null}},{"start":{"line":462,"column":0},"end":{"line":462,"column":null}}]},"36":{"loc":{"start":{"line":469,"column":0},"end":{"line":477,"column":null}},"type":"if","locations":[{"start":{"line":469,"column":0},"end":{"line":477,"column":null}},{"start":{"line":469,"column":0},"end":{"line":477,"column":null}}]},"37":{"loc":{"start":{"line":469,"column":0},"end":{"line":469,"column":null}},"type":"binary-expr","locations":[{"start":{"line":469,"column":0},"end":{"line":469,"column":null}},{"start":{"line":469,"column":0},"end":{"line":469,"column":null}}]},"38":{"loc":{"start":{"line":489,"column":0},"end":{"line":489,"column":null}},"type":"if","locations":[{"start":{"line":489,"column":0},"end":{"line":489,"column":null}},{"start":{"line":489,"column":0},"end":{"line":489,"column":null}}]},"39":{"loc":{"start":{"line":491,"column":0},"end":{"line":518,"column":null}},"type":"if","locations":[{"start":{"line":491,"column":0},"end":{"line":518,"column":null}},{"start":{"line":491,"column":0},"end":{"line":518,"column":null}}]},"40":{"loc":{"start":{"line":492,"column":0},"end":{"line":501,"column":null}},"type":"if","locations":[{"start":{"line":492,"column":0},"end":{"line":501,"column":null}},{"start":{"line":492,"column":0},"end":{"line":501,"column":null}}]},"41":{"loc":{"start":{"line":504,"column":0},"end":{"line":516,"column":null}},"type":"if","locations":[{"start":{"line":504,"column":0},"end":{"line":516,"column":null}},{"start":{"line":504,"column":0},"end":{"line":516,"column":null}}]},"42":{"loc":{"start":{"line":527,"column":0},"end":{"line":531,"column":null}},"type":"if","locations":[{"start":{"line":527,"column":0},"end":{"line":531,"column":null}},{"start":{"line":527,"column":0},"end":{"line":531,"column":null}}]},"43":{"loc":{"start":{"line":542,"column":0},"end":{"line":542,"column":null}},"type":"if","locations":[{"start":{"line":542,"column":0},"end":{"line":542,"column":null}},{"start":{"line":542,"column":0},"end":{"line":542,"column":null}}]},"44":{"loc":{"start":{"line":544,"column":0},"end":{"line":551,"column":null}},"type":"if","locations":[{"start":{"line":544,"column":0},"end":{"line":551,"column":null}},{"start":{"line":544,"column":0},"end":{"line":551,"column":null}}]},"45":{"loc":{"start":{"line":544,"column":0},"end":{"line":544,"column":null}},"type":"binary-expr","locations":[{"start":{"line":544,"column":0},"end":{"line":544,"column":null}},{"start":{"line":544,"column":0},"end":{"line":544,"column":null}}]},"46":{"loc":{"start":{"line":566,"column":0},"end":{"line":566,"column":null}},"type":"if","locations":[{"start":{"line":566,"column":0},"end":{"line":566,"column":null}},{"start":{"line":566,"column":0},"end":{"line":566,"column":null}}]},"47":{"loc":{"start":{"line":572,"column":0},"end":{"line":580,"column":null}},"type":"if","locations":[{"start":{"line":572,"column":0},"end":{"line":580,"column":null}},{"start":{"line":572,"column":0},"end":{"line":580,"column":null}}]},"48":{"loc":{"start":{"line":575,"column":0},"end":{"line":579,"column":null}},"type":"if","locations":[{"start":{"line":575,"column":0},"end":{"line":579,"column":null}},{"start":{"line":575,"column":0},"end":{"line":579,"column":null}}]},"49":{"loc":{"start":{"line":587,"column":0},"end":{"line":587,"column":null}},"type":"if","locations":[{"start":{"line":587,"column":0},"end":{"line":587,"column":null}},{"start":{"line":587,"column":0},"end":{"line":587,"column":null}}]},"50":{"loc":{"start":{"line":589,"column":0},"end":{"line":589,"column":null}},"type":"if","locations":[{"start":{"line":589,"column":0},"end":{"line":589,"column":null}},{"start":{"line":589,"column":0},"end":{"line":589,"column":null}}]},"51":{"loc":{"start":{"line":590,"column":0},"end":{"line":590,"column":null}},"type":"if","locations":[{"start":{"line":590,"column":0},"end":{"line":590,"column":null}},{"start":{"line":590,"column":0},"end":{"line":590,"column":null}}]},"52":{"loc":{"start":{"line":590,"column":0},"end":{"line":590,"column":null}},"type":"binary-expr","locations":[{"start":{"line":590,"column":0},"end":{"line":590,"column":null}},{"start":{"line":590,"column":0},"end":{"line":590,"column":null}},{"start":{"line":590,"column":0},"end":{"line":590,"column":null}},{"start":{"line":590,"column":0},"end":{"line":590,"column":null}},{"start":{"line":590,"column":0},"end":{"line":590,"column":null}},{"start":{"line":590,"column":0},"end":{"line":590,"column":null}}]},"53":{"loc":{"start":{"line":606,"column":0},"end":{"line":608,"column":null}},"type":"if","locations":[{"start":{"line":606,"column":0},"end":{"line":608,"column":null}},{"start":{"line":606,"column":0},"end":{"line":608,"column":null}}]},"54":{"loc":{"start":{"line":615,"column":0},"end":{"line":617,"column":null}},"type":"if","locations":[{"start":{"line":615,"column":0},"end":{"line":617,"column":null}},{"start":{"line":615,"column":0},"end":{"line":617,"column":null}}]},"55":{"loc":{"start":{"line":626,"column":0},"end":{"line":630,"column":null}},"type":"if","locations":[{"start":{"line":626,"column":0},"end":{"line":630,"column":null}},{"start":{"line":626,"column":0},"end":{"line":630,"column":null}}]},"56":{"loc":{"start":{"line":644,"column":0},"end":{"line":644,"column":null}},"type":"cond-expr","locations":[{"start":{"line":644,"column":0},"end":{"line":644,"column":null}},{"start":{"line":644,"column":0},"end":{"line":644,"column":null}}]},"57":{"loc":{"start":{"line":649,"column":0},"end":{"line":651,"column":null}},"type":"if","locations":[{"start":{"line":649,"column":0},"end":{"line":651,"column":null}},{"start":{"line":649,"column":0},"end":{"line":651,"column":null}}]},"58":{"loc":{"start":{"line":659,"column":0},"end":{"line":659,"column":null}},"type":"cond-expr","locations":[{"start":{"line":659,"column":0},"end":{"line":659,"column":null}},{"start":{"line":659,"column":0},"end":{"line":659,"column":null}}]},"59":{"loc":{"start":{"line":665,"column":0},"end":{"line":667,"column":null}},"type":"if","locations":[{"start":{"line":665,"column":0},"end":{"line":667,"column":null}},{"start":{"line":665,"column":0},"end":{"line":667,"column":null}}]},"60":{"loc":{"start":{"line":676,"column":0},"end":{"line":683,"column":null}},"type":"if","locations":[{"start":{"line":676,"column":0},"end":{"line":683,"column":null}},{"start":{"line":676,"column":0},"end":{"line":683,"column":null}}]},"61":{"loc":{"start":{"line":678,"column":0},"end":{"line":678,"column":null}},"type":"cond-expr","locations":[{"start":{"line":678,"column":0},"end":{"line":678,"column":null}},{"start":{"line":678,"column":0},"end":{"line":678,"column":null}}]},"62":{"loc":{"start":{"line":690,"column":0},"end":{"line":693,"column":null}},"type":"if","locations":[{"start":{"line":690,"column":0},"end":{"line":693,"column":null}},{"start":{"line":690,"column":0},"end":{"line":693,"column":null}}]},"63":{"loc":{"start":{"line":699,"column":0},"end":{"line":701,"column":null}},"type":"if","locations":[{"start":{"line":699,"column":0},"end":{"line":701,"column":null}},{"start":{"line":699,"column":0},"end":{"line":701,"column":null}}]},"64":{"loc":{"start":{"line":718,"column":0},"end":{"line":720,"column":null}},"type":"if","locations":[{"start":{"line":718,"column":0},"end":{"line":720,"column":null}},{"start":{"line":718,"column":0},"end":{"line":720,"column":null}}]},"65":{"loc":{"start":{"line":740,"column":0},"end":{"line":745,"column":null}},"type":"if","locations":[{"start":{"line":740,"column":0},"end":{"line":745,"column":null}},{"start":{"line":740,"column":0},"end":{"line":745,"column":null}}]},"66":{"loc":{"start":{"line":740,"column":0},"end":{"line":740,"column":null}},"type":"binary-expr","locations":[{"start":{"line":740,"column":0},"end":{"line":740,"column":null}},{"start":{"line":740,"column":0},"end":{"line":740,"column":null}}]},"67":{"loc":{"start":{"line":833,"column":0},"end":{"line":837,"column":null}},"type":"switch","locations":[{"start":{"line":833,"column":0},"end":{"line":837,"column":null}},{"start":{"line":838,"column":0},"end":{"line":842,"column":null}},{"start":{"line":843,"column":0},"end":{"line":847,"column":null}},{"start":{"line":848,"column":0},"end":{"line":850,"column":null}},{"start":{"line":851,"column":0},"end":{"line":853,"column":null}}]},"68":{"loc":{"start":{"line":865,"column":0},"end":{"line":865,"column":null}},"type":"binary-expr","locations":[{"start":{"line":865,"column":0},"end":{"line":865,"column":null}},{"start":{"line":865,"column":0},"end":{"line":865,"column":null}}]},"69":{"loc":{"start":{"line":926,"column":0},"end":{"line":975,"column":null}},"type":"if","locations":[{"start":{"line":926,"column":0},"end":{"line":975,"column":null}},{"start":{"line":926,"column":0},"end":{"line":975,"column":null}}]},"70":{"loc":{"start":{"line":933,"column":0},"end":{"line":933,"column":null}},"type":"cond-expr","locations":[{"start":{"line":933,"column":0},"end":{"line":933,"column":null}},{"start":{"line":933,"column":0},"end":{"line":933,"column":null}}]},"71":{"loc":{"start":{"line":949,"column":0},"end":{"line":949,"column":null}},"type":"cond-expr","locations":[{"start":{"line":949,"column":0},"end":{"line":949,"column":null}},{"start":{"line":949,"column":0},"end":{"line":949,"column":null}}]},"72":{"loc":{"start":{"line":960,"column":0},"end":{"line":974,"column":null}},"type":"if","locations":[{"start":{"line":960,"column":0},"end":{"line":974,"column":null}},{"start":{"line":960,"column":0},"end":{"line":974,"column":null}}]},"73":{"loc":{"start":{"line":961,"column":0},"end":{"line":961,"column":null}},"type":"binary-expr","locations":[{"start":{"line":961,"column":0},"end":{"line":961,"column":null}},{"start":{"line":961,"column":0},"end":{"line":961,"column":null}}]},"74":{"loc":{"start":{"line":964,"column":0},"end":{"line":964,"column":null}},"type":"binary-expr","locations":[{"start":{"line":964,"column":0},"end":{"line":964,"column":null}},{"start":{"line":964,"column":0},"end":{"line":964,"column":null}}]},"75":{"loc":{"start":{"line":968,"column":0},"end":{"line":973,"column":null}},"type":"if","locations":[{"start":{"line":968,"column":0},"end":{"line":973,"column":null}},{"start":{"line":968,"column":0},"end":{"line":973,"column":null}}]},"76":{"loc":{"start":{"line":995,"column":0},"end":{"line":997,"column":null}},"type":"switch","locations":[{"start":{"line":995,"column":0},"end":{"line":997,"column":null}},{"start":{"line":998,"column":0},"end":{"line":1000,"column":null}},{"start":{"line":1001,"column":0},"end":{"line":1003,"column":null}},{"start":{"line":1004,"column":0},"end":{"line":1006,"column":null}},{"start":{"line":1007,"column":0},"end":{"line":1009,"column":null}}]},"77":{"loc":{"start":{"line":996,"column":0},"end":{"line":996,"column":null}},"type":"binary-expr","locations":[{"start":{"line":996,"column":0},"end":{"line":996,"column":null}},{"start":{"line":996,"column":0},"end":{"line":996,"column":null}},{"start":{"line":996,"column":0},"end":{"line":996,"column":null}},{"start":{"line":996,"column":0},"end":{"line":996,"column":null}},{"start":{"line":996,"column":0},"end":{"line":996,"column":null}}]},"78":{"loc":{"start":{"line":999,"column":0},"end":{"line":999,"column":null}},"type":"binary-expr","locations":[{"start":{"line":999,"column":0},"end":{"line":999,"column":null}},{"start":{"line":999,"column":0},"end":{"line":999,"column":null}},{"start":{"line":999,"column":0},"end":{"line":999,"column":null}},{"start":{"line":999,"column":0},"end":{"line":999,"column":null}}]},"79":{"loc":{"start":{"line":1002,"column":0},"end":{"line":1002,"column":null}},"type":"binary-expr","locations":[{"start":{"line":1002,"column":0},"end":{"line":1002,"column":null}},{"start":{"line":1002,"column":0},"end":{"line":1002,"column":null}},{"start":{"line":1002,"column":0},"end":{"line":1002,"column":null}}]},"80":{"loc":{"start":{"line":1005,"column":0},"end":{"line":1005,"column":null}},"type":"binary-expr","locations":[{"start":{"line":1005,"column":0},"end":{"line":1005,"column":null}},{"start":{"line":1005,"column":0},"end":{"line":1005,"column":null}}]},"81":{"loc":{"start":{"line":1018,"column":0},"end":{"line":1037,"column":null}},"type":"if","locations":[{"start":{"line":1018,"column":0},"end":{"line":1037,"column":null}},{"start":{"line":1018,"column":0},"end":{"line":1037,"column":null}}]},"82":{"loc":{"start":{"line":1020,"column":0},"end":{"line":1027,"column":null}},"type":"if","locations":[{"start":{"line":1020,"column":0},"end":{"line":1027,"column":null}},{"start":{"line":1020,"column":0},"end":{"line":1027,"column":null}}]},"83":{"loc":{"start":{"line":1020,"column":0},"end":{"line":1020,"column":null}},"type":"binary-expr","locations":[{"start":{"line":1020,"column":0},"end":{"line":1020,"column":null}},{"start":{"line":1020,"column":0},"end":{"line":1020,"column":null}},{"start":{"line":1020,"column":0},"end":{"line":1020,"column":null}},{"start":{"line":1020,"column":0},"end":{"line":1020,"column":null}}]},"84":{"loc":{"start":{"line":1049,"column":0},"end":{"line":1049,"column":null}},"type":"if","locations":[{"start":{"line":1049,"column":0},"end":{"line":1049,"column":null}},{"start":{"line":1049,"column":0},"end":{"line":1049,"column":null}}]},"85":{"loc":{"start":{"line":1052,"column":0},"end":{"line":1065,"column":null}},"type":"if","locations":[{"start":{"line":1052,"column":0},"end":{"line":1065,"column":null}},{"start":{"line":1052,"column":0},"end":{"line":1065,"column":null}}]},"86":{"loc":{"start":{"line":1052,"column":0},"end":{"line":1052,"column":null}},"type":"binary-expr","locations":[{"start":{"line":1052,"column":0},"end":{"line":1052,"column":null}},{"start":{"line":1052,"column":0},"end":{"line":1052,"column":null}}]},"87":{"loc":{"start":{"line":1057,"column":0},"end":{"line":1065,"column":null}},"type":"if","locations":[{"start":{"line":1057,"column":0},"end":{"line":1065,"column":null}},{"start":{"line":1057,"column":0},"end":{"line":1065,"column":null}}]},"88":{"loc":{"start":{"line":1057,"column":0},"end":{"line":1057,"column":null}},"type":"binary-expr","locations":[{"start":{"line":1057,"column":0},"end":{"line":1057,"column":null}},{"start":{"line":1057,"column":0},"end":{"line":1057,"column":null}},{"start":{"line":1057,"column":0},"end":{"line":1057,"column":null}}]}},"s":{"0":1,"1":1,"2":1,"3":1,"4":1,"5":2,"6":6,"7":8,"8":176,"9":14,"10":2,"11":2,"12":2,"13":10,"14":10,"15":2,"16":8,"17":13,"18":13,"19":13,"20":0,"21":13,"22":13,"23":13,"24":2,"25":3,"26":0,"27":3,"28":0,"29":0,"30":0,"31":0,"32":1,"33":1,"34":1,"35":1,"36":1,"37":1,"38":1,"39":1,"40":1,"41":0,"42":1,"43":1,"44":1,"45":1,"46":0,"47":1,"48":0,"49":0,"50":6,"51":6,"52":6,"53":6,"54":6,"55":6,"56":6,"57":6,"58":6,"59":1,"60":5,"61":6,"62":6,"63":6,"64":6,"65":0,"66":6,"67":0,"68":0,"69":7,"70":7,"71":0,"72":0,"73":0,"74":0,"75":0,"76":0,"77":0,"78":0,"79":6,"80":6,"81":7,"82":7,"83":7,"84":7,"85":0,"86":0,"87":0,"88":0,"89":0,"90":0,"91":0,"92":0,"93":0,"94":0,"95":0,"96":0,"97":0,"98":0,"99":0,"100":0,"101":1,"102":9,"103":1,"104":272,"105":52,"106":220,"107":16,"108":16,"109":0,"110":0,"111":0,"112":0,"113":0,"114":0,"115":0,"116":0,"117":16,"118":16,"119":16,"120":16,"121":16,"122":1,"123":0,"124":1,"125":1,"126":0,"127":0,"128":0,"129":1,"130":1,"131":0,"132":0,"133":0,"134":0,"135":0,"136":0,"137":0,"138":0,"139":0,"140":0,"141":0,"142":0,"143":0,"144":0,"145":0,"146":0,"147":0,"148":0,"149":0,"150":0,"151":0,"152":0,"153":0,"154":0,"155":0,"156":0,"157":0,"158":0,"159":0,"160":0,"161":0,"162":0,"163":0,"164":28,"165":28,"166":12,"167":0,"168":0,"169":0,"170":0,"171":1,"172":0,"173":1,"174":6,"175":0,"176":0,"177":0,"178":0,"179":0,"180":0,"181":0,"182":0,"183":0,"184":0,"185":0,"186":0,"187":0,"188":0,"189":0,"190":0,"191":0,"192":1,"193":0,"194":0,"195":1,"196":0,"197":1,"198":1,"199":1,"200":1,"201":0,"202":0,"203":1,"204":1,"205":1,"206":1,"207":0,"208":0,"209":6,"210":6,"211":6,"212":6,"213":30,"214":6,"215":13,"216":9,"217":9,"218":0,"219":1,"220":1,"221":1,"222":1,"223":1,"224":1,"225":1,"226":0,"227":0,"228":0,"229":7,"230":7,"231":0,"232":0,"233":0,"234":0,"235":0,"236":0,"237":0,"238":0,"239":7,"240":7,"241":7,"242":546,"243":27,"244":7,"245":7,"246":7,"247":7,"248":7,"249":7,"250":0,"251":0,"252":0,"253":0,"254":0,"255":7,"256":7,"257":0,"258":0,"259":0,"260":0,"261":0,"262":0,"263":0,"264":0,"265":7,"266":7,"267":7,"268":0,"269":0,"270":0,"271":0,"272":0,"273":7,"274":13,"275":1,"276":1,"277":1,"278":0,"279":0,"280":1},"f":{"0":2,"1":6,"2":8,"3":8,"4":13,"5":2,"6":3,"7":0,"8":0,"9":1,"10":6,"11":6,"12":7,"13":0,"14":0,"15":6,"16":7,"17":0,"18":0,"19":0,"20":1,"21":9,"22":1,"23":272,"24":16,"25":1,"26":1,"27":0,"28":0,"29":0,"30":0,"31":0,"32":0,"33":0,"34":24,"35":0,"36":0,"37":1,"38":6,"39":0,"40":0,"41":0,"42":1,"43":1,"44":1,"45":0,"46":1,"47":0,"48":6,"49":30,"50":13,"51":9,"52":0,"53":1,"54":0,"55":7,"56":26,"57":520,"58":7,"59":20,"60":7,"61":7,"62":7,"63":1},"b":{"0":[14,4],"1":[0,8],"2":[0,8],"3":[0,13],"4":[0,13],"5":[14,24],"6":[2,4],"7":[0,3],"8":[0,1],"9":[1,0],"10":[0,1],"11":[0,1],"12":[1,5],"13":[6,0],"14":[0,6],"15":[0,6],"16":[6,0],"17":[0,0],"18":[0,0],"19":[0,0],"20":[0,0],"21":[0,0],"22":[0,0],"23":[0,0],"24":[52,220],"25":[0,0,0,0,16],"26":[0,0,0,0,0],"27":[0,0,0,0],"28":[0,0,0],"29":[0,0],"30":[16,0],"31":[0,1],"32":[0,1],"33":[0,0],"34":[1,0],"35":[1,0,1],"36":[0,0],"37":[0,0],"38":[0,0],"39":[0,0],"40":[0,0],"41":[0,0],"42":[0,0],"43":[0,0],"44":[0,0],"45":[0,0],"46":[0,0],"47":[0,0],"48":[0,0],"49":[4,20],"50":[28,28],"51":[0,12],"52":[12,12,0,12,0,0],"53":[0,0],"54":[0,0],"55":[0,1],"56":[0,0],"57":[0,0],"58":[0,0],"59":[0,0],"60":[0,0],"61":[0,0],"62":[0,1],"63":[0,1],"64":[0,0],"65":[0,0],"66":[0,0],"67":[0,0,0,0,7],"68":[520,520],"69":[7,0],"70":[0,7],"71":[1,6],"72":[0,7],"73":[0,0],"74":[0,0],"75":[0,0],"76":[0,0,0,0,7],"77":[0,0,0,0,0],"78":[0,0,0,0],"79":[0,0,0],"80":[0,0],"81":[0,7],"82":[0,0],"83":[0,0,0,0],"84":[6,1],"85":[1,0],"86":[1,1],"87":[0,0],"88":[0,0,0]}}
,"/Users/sam.wood/webprojects/personal/vue-carousel/src/components/VueCarouselPagination.vue": {"path":"/Users/sam.wood/webprojects/personal/vue-carousel/src/components/VueCarouselPagination.vue","statementMap":{"0":{"start":{"line":50,"column":0},"end":{"line":50,"column":null}},"1":{"start":{"line":60,"column":0},"end":{"line":60,"column":null}},"2":{"start":{"line":65,"column":0},"end":{"line":65,"column":null}}},"fnMap":{"0":{"name":"(anonymous_1)","decl":{"start":{"line":49,"column":0},"end":{"line":49,"column":null}},"loc":{"start":{"line":49,"column":0},"end":{"line":51,"column":null}}},"1":{"name":"(anonymous_2)","decl":{"start":{"line":59,"column":0},"end":{"line":59,"column":null}},"loc":{"start":{"line":59,"column":0},"end":{"line":61,"column":null}}},"2":{"name":"(anonymous_3)","decl":{"start":{"line":64,"column":0},"end":{"line":64,"column":null}},"loc":{"start":{"line":64,"column":0},"end":{"line":66,"column":null}}}},"branchMap":{"0":{"loc":{"start":{"line":60,"column":0},"end":{"line":60,"column":null}},"type":"cond-expr","locations":[{"start":{"line":60,"column":0},"end":{"line":60,"column":null}},{"start":{"line":60,"column":0},"end":{"line":60,"column":null}}]}},"s":{"0":4,"1":7,"2":2},"f":{"0":4,"1":7,"2":2},"b":{"0":[1,6]}}
,"/Users/sam.wood/webprojects/personal/vue-carousel/src/scripts/helpers/isTrue.js": {"path":"/Users/sam.wood/webprojects/personal/vue-carousel/src/scripts/helpers/isTrue.js","statementMap":{"0":{"start":{"line":2,"column":2},"end":{"line":11,"column":3}},"1":{"start":{"line":4,"column":6},"end":{"line":4,"column":44}},"2":{"start":{"line":6,"column":6},"end":{"line":7,"column":41}},"3":{"start":{"line":6,"column":30},"end":{"line":6,"column":49}},"4":{"start":{"line":7,"column":11},"end":{"line":7,"column":41}},"5":{"start":{"line":7,"column":29},"end":{"line":7,"column":41}},"6":{"start":{"line":8,"column":6},"end":{"line":8,"column":38}},"7":{"start":{"line":10,"column":6},"end":{"line":10,"column":18}}},"fnMap":{"0":{"name":"isTrue","decl":{"start":{"line":1,"column":24},"end":{"line":1,"column":30}},"loc":{"start":{"line":1,"column":43},"end":{"line":12,"column":1}},"line":1}},"branchMap":{"0":{"loc":{"start":{"line":1,"column":31},"end":{"line":1,"column":41}},"type":"default-arg","locations":[{"start":{"line":1,"column":37},"end":{"line":1,"column":41}}],"line":1},"1":{"loc":{"start":{"line":2,"column":2},"end":{"line":11,"column":3}},"type":"switch","locations":[{"start":{"line":3,"column":4},"end":{"line":4,"column":44}},{"start":{"line":5,"column":4},"end":{"line":8,"column":38}},{"start":{"line":9,"column":4},"end":{"line":10,"column":18}}],"line":2},"2":{"loc":{"start":{"line":4,"column":13},"end":{"line":4,"column":44}},"type":"binary-expr","locations":[{"start":{"line":4,"column":13},"end":{"line":4,"column":28}},{"start":{"line":4,"column":32},"end":{"line":4,"column":44}}],"line":4},"3":{"loc":{"start":{"line":6,"column":6},"end":{"line":7,"column":41}},"type":"if","locations":[{"start":{"line":6,"column":6},"end":{"line":7,"column":41}},{"start":{"line":6,"column":6},"end":{"line":7,"column":41}}],"line":6},"4":{"loc":{"start":{"line":7,"column":11},"end":{"line":7,"column":41}},"type":"if","locations":[{"start":{"line":7,"column":11},"end":{"line":7,"column":41}},{"start":{"line":7,"column":11},"end":{"line":7,"column":41}}],"line":7}},"s":{"0":421,"1":4,"2":15,"3":3,"4":12,"5":10,"6":2,"7":402},"f":{"0":421},"b":{"0":[9],"1":[4,15,402],"2":[4,3],"3":[3,12],"4":[10,2]},"_coverageSchema":"43e27e138ebf9cfc5966b082cf9a028302ed4184","hash":"4c367ef9a4dd621b9004a48a513e7e0a437cb296"}
}
