{"/Users/sam.wood/webprojects/personal/vue-carousel/src/components/VueCarousel.vue": {"path":"/Users/sam.wood/webprojects/personal/vue-carousel/src/components/VueCarousel.vue","statementMap":{"0":{"start":{"line":88,"column":0},"end":{"line":88,"column":null}},"1":{"start":{"line":89,"column":0},"end":{"line":89,"column":null}},"2":{"start":{"line":90,"column":0},"end":{"line":90,"column":null}},"3":{"start":{"line":92,"column":0},"end":{"line":92,"column":null}},"4":{"start":{"line":93,"column":0},"end":{"line":93,"column":null}},"5":{"start":{"line":106,"column":0},"end":{"line":106,"column":null}},"6":{"start":{"line":111,"column":0},"end":{"line":111,"column":null}},"7":{"start":{"line":143,"column":0},"end":{"line":143,"column":null}},"8":{"start":{"line":146,"column":0},"end":{"line":146,"column":null}},"9":{"start":{"line":147,"column":0},"end":{"line":147,"column":null}},"10":{"start":{"line":149,"column":0},"end":{"line":154,"column":null}},"11":{"start":{"line":150,"column":0},"end":{"line":150,"column":null}},"12":{"start":{"line":152,"column":0},"end":{"line":152,"column":null}},"13":{"start":{"line":153,"column":0},"end":{"line":153,"column":null}},"14":{"start":{"line":156,"column":0},"end":{"line":159,"column":null}},"15":{"start":{"line":157,"column":0},"end":{"line":157,"column":null}},"16":{"start":{"line":158,"column":0},"end":{"line":158,"column":null}},"17":{"start":{"line":161,"column":0},"end":{"line":161,"column":null}},"18":{"start":{"line":168,"column":0},"end":{"line":168,"column":null}},"19":{"start":{"line":174,"column":0},"end":{"line":174,"column":null}},"20":{"start":{"line":186,"column":0},"end":{"line":190,"column":null}},"21":{"start":{"line":187,"column":0},"end":{"line":187,"column":null}},"22":{"start":{"line":189,"column":0},"end":{"line":189,"column":null}},"23":{"start":{"line":193,"column":0},"end":{"line":197,"column":null}},"24":{"start":{"line":194,"column":0},"end":{"line":194,"column":null}},"25":{"start":{"line":196,"column":0},"end":{"line":196,"column":null}},"26":{"start":{"line":200,"column":0},"end":{"line":204,"column":null}},"27":{"start":{"line":201,"column":0},"end":{"line":201,"column":null}},"28":{"start":{"line":203,"column":0},"end":{"line":203,"column":null}},"29":{"start":{"line":207,"column":0},"end":{"line":207,"column":null}},"30":{"start":{"line":210,"column":0},"end":{"line":210,"column":null}},"31":{"start":{"line":216,"column":0},"end":{"line":216,"column":null}},"32":{"start":{"line":221,"column":0},"end":{"line":221,"column":null}},"33":{"start":{"line":233,"column":0},"end":{"line":233,"column":null}},"34":{"start":{"line":234,"column":0},"end":{"line":234,"column":null}},"35":{"start":{"line":235,"column":0},"end":{"line":235,"column":null}},"36":{"start":{"line":237,"column":0},"end":{"line":237,"column":null}},"37":{"start":{"line":238,"column":0},"end":{"line":238,"column":null}},"38":{"start":{"line":239,"column":0},"end":{"line":239,"column":null}},"39":{"start":{"line":241,"column":0},"end":{"line":241,"column":null}},"40":{"start":{"line":248,"column":0},"end":{"line":248,"column":null}},"41":{"start":{"line":251,"column":0},"end":{"line":251,"column":null}},"42":{"start":{"line":258,"column":0},"end":{"line":258,"column":null}},"43":{"start":{"line":268,"column":0},"end":{"line":268,"column":null}},"44":{"start":{"line":269,"column":0},"end":{"line":269,"column":null}},"45":{"start":{"line":272,"column":0},"end":{"line":272,"column":null}},"46":{"start":{"line":273,"column":0},"end":{"line":273,"column":null}},"47":{"start":{"line":277,"column":0},"end":{"line":277,"column":null}},"48":{"start":{"line":278,"column":0},"end":{"line":278,"column":null}},"49":{"start":{"line":279,"column":0},"end":{"line":279,"column":null}},"50":{"start":{"line":280,"column":0},"end":{"line":280,"column":null}},"51":{"start":{"line":281,"column":0},"end":{"line":281,"column":null}},"52":{"start":{"line":282,"column":0},"end":{"line":282,"column":null}},"53":{"start":{"line":283,"column":0},"end":{"line":283,"column":null}},"54":{"start":{"line":289,"column":0},"end":{"line":289,"column":null}},"55":{"start":{"line":290,"column":0},"end":{"line":290,"column":null}},"56":{"start":{"line":293,"column":0},"end":{"line":293,"column":null}},"57":{"start":{"line":294,"column":0},"end":{"line":294,"column":null}},"58":{"start":{"line":295,"column":0},"end":{"line":295,"column":null}},"59":{"start":{"line":296,"column":0},"end":{"line":296,"column":null}},"60":{"start":{"line":299,"column":0},"end":{"line":299,"column":null}},"61":{"start":{"line":300,"column":0},"end":{"line":300,"column":null}},"62":{"start":{"line":303,"column":0},"end":{"line":303,"column":null}},"63":{"start":{"line":304,"column":0},"end":{"line":304,"column":null}},"64":{"start":{"line":305,"column":0},"end":{"line":305,"column":null}},"65":{"start":{"line":306,"column":0},"end":{"line":306,"column":null}},"66":{"start":{"line":307,"column":0},"end":{"line":307,"column":null}},"67":{"start":{"line":316,"column":0},"end":{"line":316,"column":null}},"68":{"start":{"line":318,"column":0},"end":{"line":318,"column":null}},"69":{"start":{"line":319,"column":0},"end":{"line":319,"column":null}},"70":{"start":{"line":320,"column":0},"end":{"line":320,"column":null}},"71":{"start":{"line":327,"column":0},"end":{"line":329,"column":null}},"72":{"start":{"line":328,"column":0},"end":{"line":328,"column":null}},"73":{"start":{"line":336,"column":0},"end":{"line":336,"column":null}},"74":{"start":{"line":338,"column":0},"end":{"line":338,"column":null}},"75":{"start":{"line":339,"column":0},"end":{"line":339,"column":null}},"76":{"start":{"line":340,"column":0},"end":{"line":340,"column":null}},"77":{"start":{"line":350,"column":0},"end":{"line":361,"column":null}},"78":{"start":{"line":351,"column":0},"end":{"line":351,"column":null}},"79":{"start":{"line":353,"column":0},"end":{"line":360,"column":null}},"80":{"start":{"line":357,"column":0},"end":{"line":357,"column":null}},"81":{"start":{"line":359,"column":0},"end":{"line":359,"column":null}},"82":{"start":{"line":372,"column":0},"end":{"line":372,"column":null}},"83":{"start":{"line":373,"column":0},"end":{"line":373,"column":null}},"84":{"start":{"line":374,"column":0},"end":{"line":374,"column":null}},"85":{"start":{"line":375,"column":0},"end":{"line":383,"column":null}},"86":{"start":{"line":376,"column":0},"end":{"line":376,"column":null}},"87":{"start":{"line":378,"column":0},"end":{"line":380,"column":null}},"88":{"start":{"line":379,"column":0},"end":{"line":379,"column":null}},"89":{"start":{"line":382,"column":0},"end":{"line":382,"column":null}},"90":{"start":{"line":384,"column":0},"end":{"line":384,"column":null}},"91":{"start":{"line":387,"column":0},"end":{"line":393,"column":null}},"92":{"start":{"line":388,"column":0},"end":{"line":388,"column":null}},"93":{"start":{"line":399,"column":0},"end":{"line":399,"column":null}},"94":{"start":{"line":409,"column":0},"end":{"line":413,"column":null}},"95":{"start":{"line":410,"column":0},"end":{"line":410,"column":null}},"96":{"start":{"line":412,"column":0},"end":{"line":412,"column":null}},"97":{"start":{"line":419,"column":0},"end":{"line":419,"column":null}},"98":{"start":{"line":427,"column":0},"end":{"line":431,"column":null}},"99":{"start":{"line":428,"column":0},"end":{"line":428,"column":null}},"100":{"start":{"line":430,"column":0},"end":{"line":430,"column":null}},"101":{"start":{"line":447,"column":0},"end":{"line":447,"column":null}},"102":{"start":{"line":449,"column":0},"end":{"line":449,"column":null}},"103":{"start":{"line":451,"column":0},"end":{"line":451,"column":null}},"104":{"start":{"line":452,"column":0},"end":{"line":452,"column":null}},"105":{"start":{"line":454,"column":0},"end":{"line":454,"column":null}},"106":{"start":{"line":455,"column":0},"end":{"line":455,"column":null}},"107":{"start":{"line":457,"column":0},"end":{"line":457,"column":null}},"108":{"start":{"line":458,"column":0},"end":{"line":458,"column":null}},"109":{"start":{"line":460,"column":0},"end":{"line":460,"column":null}},"110":{"start":{"line":461,"column":0},"end":{"line":461,"column":null}},"111":{"start":{"line":463,"column":0},"end":{"line":463,"column":null}},"112":{"start":{"line":464,"column":0},"end":{"line":464,"column":null}},"113":{"start":{"line":469,"column":0},"end":{"line":471,"column":null}},"114":{"start":{"line":470,"column":0},"end":{"line":470,"column":null}},"115":{"start":{"line":473,"column":0},"end":{"line":473,"column":null}},"116":{"start":{"line":476,"column":0},"end":{"line":480,"column":null}},"117":{"start":{"line":477,"column":0},"end":{"line":477,"column":null}},"118":{"start":{"line":479,"column":0},"end":{"line":479,"column":null}},"119":{"start":{"line":483,"column":0},"end":{"line":487,"column":null}},"120":{"start":{"line":484,"column":0},"end":{"line":484,"column":null}},"121":{"start":{"line":485,"column":0},"end":{"line":487,"column":null}},"122":{"start":{"line":486,"column":0},"end":{"line":486,"column":null}},"123":{"start":{"line":496,"column":0},"end":{"line":521,"column":null}},"124":{"start":{"line":498,"column":0},"end":{"line":502,"column":null}},"125":{"start":{"line":499,"column":0},"end":{"line":499,"column":null}},"126":{"start":{"line":501,"column":0},"end":{"line":501,"column":null}},"127":{"start":{"line":505,"column":0},"end":{"line":520,"column":null}},"128":{"start":{"line":511,"column":0},"end":{"line":511,"column":null}},"129":{"start":{"line":512,"column":0},"end":{"line":520,"column":null}},"130":{"start":{"line":517,"column":0},"end":{"line":517,"column":null}},"131":{"start":{"line":532,"column":0},"end":{"line":532,"column":null}},"132":{"start":{"line":534,"column":0},"end":{"line":561,"column":null}},"133":{"start":{"line":535,"column":0},"end":{"line":544,"column":null}},"134":{"start":{"line":536,"column":0},"end":{"line":536,"column":null}},"135":{"start":{"line":537,"column":0},"end":{"line":542,"column":null}},"136":{"start":{"line":540,"column":0},"end":{"line":540,"column":null}},"137":{"start":{"line":545,"column":0},"end":{"line":545,"column":null}},"138":{"start":{"line":547,"column":0},"end":{"line":559,"column":null}},"139":{"start":{"line":551,"column":0},"end":{"line":551,"column":null}},"140":{"start":{"line":552,"column":0},"end":{"line":557,"column":null}},"141":{"start":{"line":555,"column":0},"end":{"line":555,"column":null}},"142":{"start":{"line":560,"column":0},"end":{"line":560,"column":null}},"143":{"start":{"line":569,"column":0},"end":{"line":575,"column":null}},"144":{"start":{"line":570,"column":0},"end":{"line":574,"column":null}},"145":{"start":{"line":571,"column":0},"end":{"line":571,"column":null}},"146":{"start":{"line":573,"column":0},"end":{"line":573,"column":null}},"147":{"start":{"line":583,"column":0},"end":{"line":589,"column":null}},"148":{"start":{"line":584,"column":0},"end":{"line":584,"column":null}},"149":{"start":{"line":585,"column":0},"end":{"line":585,"column":null}},"150":{"start":{"line":587,"column":0},"end":{"line":587,"column":null}},"151":{"start":{"line":588,"column":0},"end":{"line":588,"column":null}},"152":{"start":{"line":599,"column":0},"end":{"line":599,"column":null}},"153":{"start":{"line":601,"column":0},"end":{"line":608,"column":null}},"154":{"start":{"line":605,"column":0},"end":{"line":605,"column":null}},"155":{"start":{"line":607,"column":0},"end":{"line":607,"column":null}},"156":{"start":{"line":618,"column":0},"end":{"line":618,"column":null}},"157":{"start":{"line":619,"column":0},"end":{"line":619,"column":null}},"158":{"start":{"line":620,"column":0},"end":{"line":620,"column":null}},"159":{"start":{"line":623,"column":0},"end":{"line":623,"column":null}},"160":{"start":{"line":625,"column":0},"end":{"line":625,"column":null}},"161":{"start":{"line":626,"column":0},"end":{"line":626,"column":null}},"162":{"start":{"line":629,"column":0},"end":{"line":637,"column":null}},"163":{"start":{"line":630,"column":0},"end":{"line":630,"column":null}},"164":{"start":{"line":632,"column":0},"end":{"line":636,"column":null}},"165":{"start":{"line":633,"column":0},"end":{"line":633,"column":null}},"166":{"start":{"line":635,"column":0},"end":{"line":635,"column":null}},"167":{"start":{"line":644,"column":0},"end":{"line":644,"column":null}},"168":{"start":{"line":646,"column":0},"end":{"line":646,"column":null}},"169":{"start":{"line":647,"column":0},"end":{"line":647,"column":null}},"170":{"start":{"line":663,"column":0},"end":{"line":665,"column":null}},"171":{"start":{"line":664,"column":0},"end":{"line":664,"column":null}},"172":{"start":{"line":672,"column":0},"end":{"line":674,"column":null}},"173":{"start":{"line":673,"column":0},"end":{"line":673,"column":null}},"174":{"start":{"line":683,"column":0},"end":{"line":687,"column":null}},"175":{"start":{"line":684,"column":0},"end":{"line":684,"column":null}},"176":{"start":{"line":686,"column":0},"end":{"line":686,"column":null}},"177":{"start":{"line":695,"column":0},"end":{"line":695,"column":null}},"178":{"start":{"line":696,"column":0},"end":{"line":696,"column":null}},"179":{"start":{"line":697,"column":0},"end":{"line":697,"column":null}},"180":{"start":{"line":698,"column":0},"end":{"line":698,"column":null}},"181":{"start":{"line":699,"column":0},"end":{"line":699,"column":null}},"182":{"start":{"line":700,"column":0},"end":{"line":700,"column":null}},"183":{"start":{"line":702,"column":0},"end":{"line":704,"column":null}},"184":{"start":{"line":703,"column":0},"end":{"line":703,"column":null}},"185":{"start":{"line":706,"column":0},"end":{"line":708,"column":null}},"186":{"start":{"line":707,"column":0},"end":{"line":707,"column":null}},"187":{"start":{"line":710,"column":0},"end":{"line":713,"column":null}},"188":{"start":{"line":711,"column":0},"end":{"line":711,"column":null}},"189":{"start":{"line":712,"column":0},"end":{"line":712,"column":null}},"190":{"start":{"line":719,"column":0},"end":{"line":719,"column":null}},"191":{"start":{"line":727,"column":0},"end":{"line":727,"column":null}},"192":{"start":{"line":728,"column":0},"end":{"line":728,"column":null}},"193":{"start":{"line":729,"column":0},"end":{"line":729,"column":null}},"194":{"start":{"line":732,"column":0},"end":{"line":734,"column":null}},"195":{"start":{"line":733,"column":0},"end":{"line":733,"column":null}},"196":{"start":{"line":742,"column":0},"end":{"line":742,"column":null}},"197":{"start":{"line":743,"column":0},"end":{"line":743,"column":null}},"198":{"start":{"line":744,"column":0},"end":{"line":744,"column":null}},"199":{"start":{"line":745,"column":0},"end":{"line":745,"column":null}},"200":{"start":{"line":748,"column":0},"end":{"line":750,"column":null}},"201":{"start":{"line":749,"column":0},"end":{"line":749,"column":null}},"202":{"start":{"line":758,"column":0},"end":{"line":758,"column":null}},"203":{"start":{"line":759,"column":0},"end":{"line":766,"column":null}},"204":{"start":{"line":761,"column":0},"end":{"line":761,"column":null}},"205":{"start":{"line":762,"column":0},"end":{"line":762,"column":null}},"206":{"start":{"line":764,"column":0},"end":{"line":764,"column":null}},"207":{"start":{"line":765,"column":0},"end":{"line":765,"column":null}},"208":{"start":{"line":773,"column":0},"end":{"line":776,"column":null}},"209":{"start":{"line":774,"column":0},"end":{"line":774,"column":null}},"210":{"start":{"line":775,"column":0},"end":{"line":775,"column":null}},"211":{"start":{"line":782,"column":0},"end":{"line":784,"column":null}},"212":{"start":{"line":783,"column":0},"end":{"line":783,"column":null}},"213":{"start":{"line":791,"column":0},"end":{"line":791,"column":null}},"214":{"start":{"line":793,"column":0},"end":{"line":793,"column":null}},"215":{"start":{"line":794,"column":0},"end":{"line":794,"column":null}},"216":{"start":{"line":795,"column":0},"end":{"line":795,"column":null}},"217":{"start":{"line":801,"column":0},"end":{"line":803,"column":null}},"218":{"start":{"line":802,"column":0},"end":{"line":802,"column":null}},"219":{"start":{"line":810,"column":0},"end":{"line":810,"column":null}},"220":{"start":{"line":812,"column":0},"end":{"line":812,"column":null}},"221":{"start":{"line":813,"column":0},"end":{"line":813,"column":null}},"222":{"start":{"line":814,"column":0},"end":{"line":814,"column":null}},"223":{"start":{"line":823,"column":0},"end":{"line":832,"column":null}},"224":{"start":{"line":828,"column":0},"end":{"line":828,"column":null}},"225":{"start":{"line":839,"column":0},"end":{"line":839,"column":null}},"226":{"start":{"line":840,"column":0},"end":{"line":840,"column":null}},"227":{"start":{"line":844,"column":0},"end":{"line":849,"column":null}},"228":{"start":{"line":852,"column":0},"end":{"line":855,"column":null}},"229":{"start":{"line":854,"column":0},"end":{"line":854,"column":null}},"230":{"start":{"line":857,"column":0},"end":{"line":857,"column":null}},"231":{"start":{"line":865,"column":0},"end":{"line":865,"column":null}},"232":{"start":{"line":876,"column":0},"end":{"line":876,"column":null}},"233":{"start":{"line":877,"column":0},"end":{"line":877,"column":null}},"234":{"start":{"line":884,"column":0},"end":{"line":884,"column":null}},"235":{"start":{"line":891,"column":0},"end":{"line":891,"column":null}},"236":{"start":{"line":892,"column":0},"end":{"line":892,"column":null}},"237":{"start":{"line":893,"column":0},"end":{"line":893,"column":null}},"238":{"start":{"line":894,"column":0},"end":{"line":894,"column":null}},"239":{"start":{"line":895,"column":0},"end":{"line":895,"column":null}},"240":{"start":{"line":896,"column":0},"end":{"line":896,"column":null}},"241":{"start":{"line":897,"column":0},"end":{"line":897,"column":null}},"242":{"start":{"line":904,"column":0},"end":{"line":904,"column":null}},"243":{"start":{"line":907,"column":0},"end":{"line":907,"column":null}},"244":{"start":{"line":908,"column":0},"end":{"line":908,"column":null}},"245":{"start":{"line":917,"column":0},"end":{"line":917,"column":null}},"246":{"start":{"line":919,"column":0},"end":{"line":919,"column":null}},"247":{"start":{"line":921,"column":0},"end":{"line":921,"column":null}},"248":{"start":{"line":924,"column":0},"end":{"line":924,"column":null}},"249":{"start":{"line":926,"column":0},"end":{"line":926,"column":null}},"250":{"start":{"line":929,"column":0},"end":{"line":929,"column":null}},"251":{"start":{"line":931,"column":0},"end":{"line":931,"column":null}},"252":{"start":{"line":934,"column":0},"end":{"line":934,"column":null}},"253":{"start":{"line":936,"column":0},"end":{"line":936,"column":null}},"254":{"start":{"line":937,"column":0},"end":{"line":937,"column":null}},"255":{"start":{"line":939,"column":0},"end":{"line":939,"column":null}},"256":{"start":{"line":940,"column":0},"end":{"line":940,"column":null}},"257":{"start":{"line":943,"column":0},"end":{"line":943,"column":null}},"258":{"start":{"line":952,"column":0},"end":{"line":952,"column":null}},"259":{"start":{"line":960,"column":0},"end":{"line":960,"column":null}},"260":{"start":{"line":974,"column":0},"end":{"line":974,"column":null}},"261":{"start":{"line":1023,"column":0},"end":{"line":1023,"column":null}},"262":{"start":{"line":1025,"column":0},"end":{"line":1074,"column":null}},"263":{"start":{"line":1032,"column":0},"end":{"line":1032,"column":null}},"264":{"start":{"line":1044,"column":0},"end":{"line":1044,"column":null}},"265":{"start":{"line":1048,"column":0},"end":{"line":1048,"column":null}},"266":{"start":{"line":1059,"column":0},"end":{"line":1073,"column":null}},"267":{"start":{"line":1060,"column":0},"end":{"line":1060,"column":null}},"268":{"start":{"line":1063,"column":0},"end":{"line":1063,"column":null}},"269":{"start":{"line":1067,"column":0},"end":{"line":1072,"column":null}},"270":{"start":{"line":1068,"column":0},"end":{"line":1068,"column":null}},"271":{"start":{"line":1069,"column":0},"end":{"line":1069,"column":null}},"272":{"start":{"line":1076,"column":0},"end":{"line":1076,"column":null}},"273":{"start":{"line":1093,"column":0},"end":{"line":1093,"column":null}},"274":{"start":{"line":1095,"column":0},"end":{"line":1095,"column":null}},"275":{"start":{"line":1096,"column":0},"end":{"line":1096,"column":null}},"276":{"start":{"line":1098,"column":0},"end":{"line":1098,"column":null}},"277":{"start":{"line":1099,"column":0},"end":{"line":1099,"column":null}},"278":{"start":{"line":1101,"column":0},"end":{"line":1101,"column":null}},"279":{"start":{"line":1102,"column":0},"end":{"line":1102,"column":null}},"280":{"start":{"line":1104,"column":0},"end":{"line":1104,"column":null}},"281":{"start":{"line":1105,"column":0},"end":{"line":1105,"column":null}},"282":{"start":{"line":1107,"column":0},"end":{"line":1107,"column":null}},"283":{"start":{"line":1108,"column":0},"end":{"line":1108,"column":null}},"284":{"start":{"line":1117,"column":0},"end":{"line":1136,"column":null}},"285":{"start":{"line":1118,"column":0},"end":{"line":1135,"column":null}},"286":{"start":{"line":1119,"column":0},"end":{"line":1126,"column":null}},"287":{"start":{"line":1125,"column":0},"end":{"line":1125,"column":null}},"288":{"start":{"line":1128,"column":0},"end":{"line":1128,"column":null}},"289":{"start":{"line":1134,"column":0},"end":{"line":1134,"column":null}},"290":{"start":{"line":1137,"column":0},"end":{"line":1137,"column":null}},"291":{"start":{"line":1148,"column":0},"end":{"line":1148,"column":null}},"292":{"start":{"line":1150,"column":0},"end":{"line":1166,"column":null}},"293":{"start":{"line":1151,"column":0},"end":{"line":1164,"column":null}},"294":{"start":{"line":1155,"column":0},"end":{"line":1155,"column":null}},"295":{"start":{"line":1156,"column":0},"end":{"line":1164,"column":null}},"296":{"start":{"line":1161,"column":0},"end":{"line":1161,"column":null}},"297":{"start":{"line":1165,"column":0},"end":{"line":1165,"column":null}},"298":{"start":{"line":1176,"column":0},"end":{"line":1190,"column":null}},"299":{"start":{"line":1181,"column":0},"end":{"line":1181,"column":null}},"300":{"start":{"line":1185,"column":0},"end":{"line":1189,"column":null}},"301":{"start":{"line":1186,"column":0},"end":{"line":1186,"column":null}},"302":{"start":{"line":1188,"column":0},"end":{"line":1188,"column":null}},"303":{"start":{"line":1194,"column":0},"end":{"line":1207,"column":null}},"304":{"start":{"line":1195,"column":0},"end":{"line":1195,"column":null}},"305":{"start":{"line":1196,"column":0},"end":{"line":1207,"column":null}},"306":{"start":{"line":1200,"column":0},"end":{"line":1200,"column":null}},"307":{"start":{"line":1204,"column":0},"end":{"line":1204,"column":null}},"308":{"start":{"line":1206,"column":0},"end":{"line":1206,"column":null}}},"fnMap":{"0":{"name":"(anonymous_1)","decl":{"start":{"line":105,"column":0},"end":{"line":105,"column":null}},"loc":{"start":{"line":105,"column":0},"end":{"line":107,"column":null}}},"1":{"name":"(anonymous_2)","decl":{"start":{"line":110,"column":0},"end":{"line":110,"column":null}},"loc":{"start":{"line":110,"column":0},"end":{"line":136,"column":null}}},"2":{"name":"(anonymous_3)","decl":{"start":{"line":142,"column":0},"end":{"line":142,"column":null}},"loc":{"start":{"line":142,"column":0},"end":{"line":166,"column":null}}},"3":{"name":"(anonymous_4)","decl":{"start":{"line":167,"column":0},"end":{"line":167,"column":null}},"loc":{"start":{"line":167,"column":0},"end":{"line":172,"column":null}}},"4":{"name":"(anonymous_5)","decl":{"start":{"line":173,"column":0},"end":{"line":173,"column":null}},"loc":{"start":{"line":173,"column":0},"end":{"line":179,"column":null}}},"5":{"name":"(anonymous_6)","decl":{"start":{"line":185,"column":0},"end":{"line":185,"column":null}},"loc":{"start":{"line":185,"column":0},"end":{"line":191,"column":null}}},"6":{"name":"(anonymous_7)","decl":{"start":{"line":192,"column":0},"end":{"line":192,"column":null}},"loc":{"start":{"line":192,"column":0},"end":{"line":198,"column":null}}},"7":{"name":"(anonymous_8)","decl":{"start":{"line":199,"column":0},"end":{"line":199,"column":null}},"loc":{"start":{"line":199,"column":0},"end":{"line":205,"column":null}}},"8":{"name":"(anonymous_9)","decl":{"start":{"line":206,"column":0},"end":{"line":206,"column":null}},"loc":{"start":{"line":206,"column":0},"end":{"line":208,"column":null}}},"9":{"name":"(anonymous_10)","decl":{"start":{"line":209,"column":0},"end":{"line":209,"column":null}},"loc":{"start":{"line":209,"column":0},"end":{"line":214,"column":null}}},"10":{"name":"(anonymous_11)","decl":{"start":{"line":215,"column":0},"end":{"line":215,"column":null}},"loc":{"start":{"line":215,"column":0},"end":{"line":219,"column":null}}},"11":{"name":"(anonymous_12)","decl":{"start":{"line":220,"column":0},"end":{"line":220,"column":null}},"loc":{"start":{"line":220,"column":0},"end":{"line":225,"column":null}}},"12":{"name":"(anonymous_13)","decl":{"start":{"line":232,"column":0},"end":{"line":232,"column":null}},"loc":{"start":{"line":232,"column":0},"end":{"line":252,"column":null}}},"13":{"name":"(anonymous_14)","decl":{"start":{"line":257,"column":0},"end":{"line":257,"column":null}},"loc":{"start":{"line":257,"column":0},"end":{"line":264,"column":null}}},"14":{"name":"(anonymous_15)","decl":{"start":{"line":267,"column":0},"end":{"line":267,"column":null}},"loc":{"start":{"line":267,"column":0},"end":{"line":270,"column":null}}},"15":{"name":"(anonymous_16)","decl":{"start":{"line":271,"column":0},"end":{"line":271,"column":null}},"loc":{"start":{"line":271,"column":0},"end":{"line":274,"column":null}}},"16":{"name":"(anonymous_17)","decl":{"start":{"line":276,"column":0},"end":{"line":276,"column":null}},"loc":{"start":{"line":276,"column":0},"end":{"line":284,"column":null}}},"17":{"name":"(anonymous_18)","decl":{"start":{"line":288,"column":0},"end":{"line":288,"column":null}},"loc":{"start":{"line":288,"column":0},"end":{"line":291,"column":null}}},"18":{"name":"(anonymous_19)","decl":{"start":{"line":292,"column":0},"end":{"line":292,"column":null}},"loc":{"start":{"line":292,"column":0},"end":{"line":297,"column":null}}},"19":{"name":"(anonymous_20)","decl":{"start":{"line":298,"column":0},"end":{"line":298,"column":null}},"loc":{"start":{"line":298,"column":0},"end":{"line":301,"column":null}}},"20":{"name":"(anonymous_21)","decl":{"start":{"line":302,"column":0},"end":{"line":302,"column":null}},"loc":{"start":{"line":302,"column":0},"end":{"line":308,"column":null}}},"21":{"name":"(anonymous_22)","decl":{"start":{"line":315,"column":0},"end":{"line":315,"column":null}},"loc":{"start":{"line":315,"column":0},"end":{"line":321,"column":null}}},"22":{"name":"(anonymous_23)","decl":{"start":{"line":326,"column":0},"end":{"line":326,"column":null}},"loc":{"start":{"line":326,"column":0},"end":{"line":330,"column":null}}},"23":{"name":"(anonymous_24)","decl":{"start":{"line":335,"column":0},"end":{"line":335,"column":null}},"loc":{"start":{"line":335,"column":0},"end":{"line":343,"column":null}}},"24":{"name":"(anonymous_25)","decl":{"start":{"line":349,"column":0},"end":{"line":349,"column":null}},"loc":{"start":{"line":349,"column":0},"end":{"line":362,"column":null}}},"25":{"name":"(anonymous_26)","decl":{"start":{"line":371,"column":0},"end":{"line":371,"column":null}},"loc":{"start":{"line":371,"column":0},"end":{"line":385,"column":null}}},"26":{"name":"(anonymous_27)","decl":{"start":{"line":386,"column":0},"end":{"line":386,"column":null}},"loc":{"start":{"line":386,"column":0},"end":{"line":394,"column":null}}},"27":{"name":"(anonymous_28)","decl":{"start":{"line":398,"column":0},"end":{"line":398,"column":null}},"loc":{"start":{"line":398,"column":0},"end":{"line":400,"column":null}}},"28":{"name":"(anonymous_29)","decl":{"start":{"line":408,"column":0},"end":{"line":408,"column":null}},"loc":{"start":{"line":408,"column":0},"end":{"line":414,"column":null}}},"29":{"name":"(anonymous_30)","decl":{"start":{"line":418,"column":0},"end":{"line":418,"column":null}},"loc":{"start":{"line":418,"column":0},"end":{"line":420,"column":null}}},"30":{"name":"(anonymous_31)","decl":{"start":{"line":426,"column":0},"end":{"line":426,"column":null}},"loc":{"start":{"line":426,"column":0},"end":{"line":432,"column":null}}},"31":{"name":"(anonymous_32)","decl":{"start":{"line":446,"column":0},"end":{"line":446,"column":null}},"loc":{"start":{"line":446,"column":0},"end":{"line":474,"column":null}}},"32":{"name":"(anonymous_33)","decl":{"start":{"line":475,"column":0},"end":{"line":475,"column":null}},"loc":{"start":{"line":475,"column":0},"end":{"line":488,"column":null}}},"33":{"name":"(anonymous_34)","decl":{"start":{"line":495,"column":0},"end":{"line":495,"column":null}},"loc":{"start":{"line":495,"column":0},"end":{"line":522,"column":null}}},"34":{"name":"(anonymous_35)","decl":{"start":{"line":531,"column":0},"end":{"line":531,"column":null}},"loc":{"start":{"line":531,"column":0},"end":{"line":562,"column":null}}},"35":{"name":"(anonymous_36)","decl":{"start":{"line":537,"column":0},"end":{"line":537,"column":null}},"loc":{"start":{"line":537,"column":0},"end":{"line":541,"column":null}}},"36":{"name":"(anonymous_37)","decl":{"start":{"line":552,"column":0},"end":{"line":552,"column":null}},"loc":{"start":{"line":552,"column":0},"end":{"line":556,"column":null}}},"37":{"name":"(anonymous_38)","decl":{"start":{"line":568,"column":0},"end":{"line":568,"column":null}},"loc":{"start":{"line":568,"column":0},"end":{"line":576,"column":null}}},"38":{"name":"(anonymous_39)","decl":{"start":{"line":569,"column":0},"end":{"line":569,"column":null}},"loc":{"start":{"line":569,"column":0},"end":{"line":575,"column":null}}},"39":{"name":"(anonymous_40)","decl":{"start":{"line":582,"column":0},"end":{"line":582,"column":null}},"loc":{"start":{"line":582,"column":0},"end":{"line":590,"column":null}}},"40":{"name":"(anonymous_41)","decl":{"start":{"line":596,"column":0},"end":{"line":596,"column":null}},"loc":{"start":{"line":596,"column":0},"end":{"line":609,"column":null}}},"41":{"name":"(anonymous_42)","decl":{"start":{"line":616,"column":0},"end":{"line":616,"column":null}},"loc":{"start":{"line":616,"column":0},"end":{"line":638,"column":null}}},"42":{"name":"(anonymous_43)","decl":{"start":{"line":643,"column":0},"end":{"line":643,"column":null}},"loc":{"start":{"line":643,"column":0},"end":{"line":656,"column":null}}},"43":{"name":"(anonymous_44)","decl":{"start":{"line":662,"column":0},"end":{"line":662,"column":null}},"loc":{"start":{"line":662,"column":0},"end":{"line":666,"column":null}}},"44":{"name":"(anonymous_45)","decl":{"start":{"line":671,"column":0},"end":{"line":671,"column":null}},"loc":{"start":{"line":671,"column":0},"end":{"line":675,"column":null}}},"45":{"name":"(anonymous_46)","decl":{"start":{"line":682,"column":0},"end":{"line":682,"column":null}},"loc":{"start":{"line":682,"column":0},"end":{"line":688,"column":null}}},"46":{"name":"(anonymous_47)","decl":{"start":{"line":694,"column":0},"end":{"line":694,"column":null}},"loc":{"start":{"line":694,"column":0},"end":{"line":714,"column":null}}},"47":{"name":"(anonymous_48)","decl":{"start":{"line":718,"column":0},"end":{"line":718,"column":null}},"loc":{"start":{"line":718,"column":0},"end":{"line":720,"column":null}}},"48":{"name":"(anonymous_49)","decl":{"start":{"line":725,"column":0},"end":{"line":725,"column":null}},"loc":{"start":{"line":725,"column":0},"end":{"line":735,"column":null}}},"49":{"name":"(anonymous_50)","decl":{"start":{"line":740,"column":0},"end":{"line":740,"column":null}},"loc":{"start":{"line":740,"column":0},"end":{"line":751,"column":null}}},"50":{"name":"(anonymous_51)","decl":{"start":{"line":756,"column":0},"end":{"line":756,"column":null}},"loc":{"start":{"line":756,"column":0},"end":{"line":767,"column":null}}},"51":{"name":"(anonymous_52)","decl":{"start":{"line":772,"column":0},"end":{"line":772,"column":null}},"loc":{"start":{"line":772,"column":0},"end":{"line":777,"column":null}}},"52":{"name":"(anonymous_53)","decl":{"start":{"line":781,"column":0},"end":{"line":781,"column":null}},"loc":{"start":{"line":781,"column":0},"end":{"line":785,"column":null}}},"53":{"name":"(anonymous_54)","decl":{"start":{"line":790,"column":0},"end":{"line":790,"column":null}},"loc":{"start":{"line":790,"column":0},"end":{"line":796,"column":null}}},"54":{"name":"(anonymous_55)","decl":{"start":{"line":800,"column":0},"end":{"line":800,"column":null}},"loc":{"start":{"line":800,"column":0},"end":{"line":804,"column":null}}},"55":{"name":"(anonymous_56)","decl":{"start":{"line":809,"column":0},"end":{"line":809,"column":null}},"loc":{"start":{"line":809,"column":0},"end":{"line":817,"column":null}}},"56":{"name":"(anonymous_57)","decl":{"start":{"line":822,"column":0},"end":{"line":822,"column":null}},"loc":{"start":{"line":822,"column":0},"end":{"line":833,"column":null}}},"57":{"name":"(anonymous_58)","decl":{"start":{"line":838,"column":0},"end":{"line":838,"column":null}},"loc":{"start":{"line":838,"column":0},"end":{"line":858,"column":null}}},"58":{"name":"(anonymous_59)","decl":{"start":{"line":852,"column":0},"end":{"line":852,"column":null}},"loc":{"start":{"line":852,"column":0},"end":{"line":855,"column":null}}},"59":{"name":"(anonymous_60)","decl":{"start":{"line":864,"column":0},"end":{"line":864,"column":null}},"loc":{"start":{"line":864,"column":0},"end":{"line":866,"column":null}}},"60":{"name":"(anonymous_61)","decl":{"start":{"line":875,"column":0},"end":{"line":875,"column":null}},"loc":{"start":{"line":875,"column":0},"end":{"line":878,"column":null}}},"61":{"name":"(anonymous_62)","decl":{"start":{"line":883,"column":0},"end":{"line":883,"column":null}},"loc":{"start":{"line":883,"column":0},"end":{"line":885,"column":null}}},"62":{"name":"(anonymous_63)","decl":{"start":{"line":890,"column":0},"end":{"line":890,"column":null}},"loc":{"start":{"line":890,"column":0},"end":{"line":898,"column":null}}},"63":{"name":"(anonymous_64)","decl":{"start":{"line":903,"column":0},"end":{"line":903,"column":null}},"loc":{"start":{"line":903,"column":0},"end":{"line":909,"column":null}}},"64":{"name":"(anonymous_65)","decl":{"start":{"line":916,"column":0},"end":{"line":916,"column":null}},"loc":{"start":{"line":916,"column":0},"end":{"line":944,"column":null}}},"65":{"name":"(anonymous_66)","decl":{"start":{"line":951,"column":0},"end":{"line":951,"column":null}},"loc":{"start":{"line":951,"column":0},"end":{"line":955,"column":null}}},"66":{"name":"(anonymous_67)","decl":{"start":{"line":952,"column":0},"end":{"line":952,"column":null}},"loc":{"start":{"line":952,"column":0},"end":{"line":952,"column":null}}},"67":{"name":"(anonymous_68)","decl":{"start":{"line":959,"column":0},"end":{"line":959,"column":null}},"loc":{"start":{"line":959,"column":0},"end":{"line":963,"column":null}}},"68":{"name":"(anonymous_69)","decl":{"start":{"line":973,"column":0},"end":{"line":973,"column":null}},"loc":{"start":{"line":973,"column":0},"end":{"line":1080,"column":null}}},"69":{"name":"(anonymous_70)","decl":{"start":{"line":974,"column":0},"end":{"line":974,"column":null}},"loc":{"start":{"line":974,"column":0},"end":{"line":974,"column":null}}},"70":{"name":"(anonymous_71)","decl":{"start":{"line":1092,"column":0},"end":{"line":1092,"column":null}},"loc":{"start":{"line":1092,"column":0},"end":{"line":1110,"column":null}}},"71":{"name":"(anonymous_72)","decl":{"start":{"line":1116,"column":0},"end":{"line":1116,"column":null}},"loc":{"start":{"line":1116,"column":0},"end":{"line":1138,"column":null}}},"72":{"name":"(anonymous_73)","decl":{"start":{"line":1147,"column":0},"end":{"line":1147,"column":null}},"loc":{"start":{"line":1147,"column":0},"end":{"line":1167,"column":null}}},"73":{"name":"(anonymous_74)","decl":{"start":{"line":1150,"column":0},"end":{"line":1150,"column":null}},"loc":{"start":{"line":1150,"column":0},"end":{"line":1166,"column":null}}},"74":{"name":"(anonymous_75)","decl":{"start":{"line":1174,"column":0},"end":{"line":1174,"column":null}},"loc":{"start":{"line":1174,"column":0},"end":{"line":1208,"column":null}}}},"branchMap":{"0":{"loc":{"start":{"line":143,"column":0},"end":{"line":143,"column":null}},"type":"if","locations":[{"start":{"line":143,"column":0},"end":{"line":143,"column":null}},{"start":{"line":143,"column":0},"end":{"line":143,"column":null}}]},"1":{"loc":{"start":{"line":149,"column":0},"end":{"line":154,"column":null}},"type":"if","locations":[{"start":{"line":149,"column":0},"end":{"line":154,"column":null}},{"start":{"line":149,"column":0},"end":{"line":154,"column":null}}]},"2":{"loc":{"start":{"line":156,"column":0},"end":{"line":159,"column":null}},"type":"if","locations":[{"start":{"line":156,"column":0},"end":{"line":159,"column":null}},{"start":{"line":156,"column":0},"end":{"line":159,"column":null}}]},"3":{"loc":{"start":{"line":163,"column":0},"end":{"line":163,"column":null}},"type":"cond-expr","locations":[{"start":{"line":163,"column":0},"end":{"line":163,"column":null}},{"start":{"line":163,"column":0},"end":{"line":163,"column":null}}]},"4":{"loc":{"start":{"line":168,"column":0},"end":{"line":168,"column":null}},"type":"binary-expr","locations":[{"start":{"line":168,"column":0},"end":{"line":168,"column":null}},{"start":{"line":168,"column":0},"end":{"line":168,"column":null}}]},"5":{"loc":{"start":{"line":174,"column":0},"end":{"line":174,"column":null}},"type":"cond-expr","locations":[{"start":{"line":174,"column":0},"end":{"line":174,"column":null}},{"start":{"line":174,"column":0},"end":{"line":174,"column":null}}]},"6":{"loc":{"start":{"line":174,"column":0},"end":{"line":174,"column":null}},"type":"binary-expr","locations":[{"start":{"line":174,"column":0},"end":{"line":174,"column":null}},{"start":{"line":174,"column":0},"end":{"line":174,"column":null}},{"start":{"line":174,"column":0},"end":{"line":174,"column":null}}]},"7":{"loc":{"start":{"line":186,"column":0},"end":{"line":190,"column":null}},"type":"if","locations":[{"start":{"line":186,"column":0},"end":{"line":190,"column":null}},{"start":{"line":186,"column":0},"end":{"line":190,"column":null}}]},"8":{"loc":{"start":{"line":193,"column":0},"end":{"line":197,"column":null}},"type":"if","locations":[{"start":{"line":193,"column":0},"end":{"line":197,"column":null}},{"start":{"line":193,"column":0},"end":{"line":197,"column":null}}]},"9":{"loc":{"start":{"line":200,"column":0},"end":{"line":204,"column":null}},"type":"if","locations":[{"start":{"line":200,"column":0},"end":{"line":204,"column":null}},{"start":{"line":200,"column":0},"end":{"line":204,"column":null}}]},"10":{"loc":{"start":{"line":210,"column":0},"end":{"line":210,"column":null}},"type":"binary-expr","locations":[{"start":{"line":210,"column":0},"end":{"line":210,"column":null}},{"start":{"line":210,"column":0},"end":{"line":210,"column":null}},{"start":{"line":210,"column":0},"end":{"line":210,"column":null}},{"start":{"line":210,"column":0},"end":{"line":210,"column":null}}]},"11":{"loc":{"start":{"line":216,"column":0},"end":{"line":216,"column":null}},"type":"binary-expr","locations":[{"start":{"line":216,"column":0},"end":{"line":216,"column":null}},{"start":{"line":216,"column":0},"end":{"line":216,"column":null}}]},"12":{"loc":{"start":{"line":221,"column":0},"end":{"line":221,"column":null}},"type":"binary-expr","locations":[{"start":{"line":221,"column":0},"end":{"line":221,"column":null}},{"start":{"line":221,"column":0},"end":{"line":221,"column":null}}]},"13":{"loc":{"start":{"line":235,"column":0},"end":{"line":235,"column":null}},"type":"if","locations":[{"start":{"line":235,"column":0},"end":{"line":235,"column":null}},{"start":{"line":235,"column":0},"end":{"line":235,"column":null}}]},"14":{"loc":{"start":{"line":259,"column":0},"end":{"line":259,"column":null}},"type":"cond-expr","locations":[{"start":{"line":259,"column":0},"end":{"line":259,"column":null}},{"start":{"line":259,"column":0},"end":{"line":259,"column":null}}]},"15":{"loc":{"start":{"line":260,"column":0},"end":{"line":260,"column":null}},"type":"cond-expr","locations":[{"start":{"line":260,"column":0},"end":{"line":260,"column":null}},{"start":{"line":260,"column":0},"end":{"line":260,"column":null}}]},"16":{"loc":{"start":{"line":327,"column":0},"end":{"line":329,"column":null}},"type":"if","locations":[{"start":{"line":327,"column":0},"end":{"line":329,"column":null}},{"start":{"line":327,"column":0},"end":{"line":329,"column":null}}]},"17":{"loc":{"start":{"line":350,"column":0},"end":{"line":361,"column":null}},"type":"if","locations":[{"start":{"line":350,"column":0},"end":{"line":361,"column":null}},{"start":{"line":350,"column":0},"end":{"line":361,"column":null}}]},"18":{"loc":{"start":{"line":353,"column":0},"end":{"line":360,"column":null}},"type":"if","locations":[{"start":{"line":353,"column":0},"end":{"line":360,"column":null}},{"start":{"line":353,"column":0},"end":{"line":360,"column":null}}]},"19":{"loc":{"start":{"line":375,"column":0},"end":{"line":383,"column":null}},"type":"if","locations":[{"start":{"line":375,"column":0},"end":{"line":383,"column":null}},{"start":{"line":375,"column":0},"end":{"line":383,"column":null}}]},"20":{"loc":{"start":{"line":375,"column":0},"end":{"line":375,"column":null}},"type":"binary-expr","locations":[{"start":{"line":375,"column":0},"end":{"line":375,"column":null}},{"start":{"line":375,"column":0},"end":{"line":375,"column":null}}]},"21":{"loc":{"start":{"line":378,"column":0},"end":{"line":380,"column":null}},"type":"if","locations":[{"start":{"line":378,"column":0},"end":{"line":380,"column":null}},{"start":{"line":378,"column":0},"end":{"line":380,"column":null}}]},"22":{"loc":{"start":{"line":379,"column":0},"end":{"line":379,"column":null}},"type":"cond-expr","locations":[{"start":{"line":379,"column":0},"end":{"line":379,"column":null}},{"start":{"line":379,"column":0},"end":{"line":379,"column":null}}]},"23":{"loc":{"start":{"line":387,"column":0},"end":{"line":393,"column":null}},"type":"if","locations":[{"start":{"line":387,"column":0},"end":{"line":393,"column":null}},{"start":{"line":387,"column":0},"end":{"line":393,"column":null}}]},"24":{"loc":{"start":{"line":409,"column":0},"end":{"line":413,"column":null}},"type":"if","locations":[{"start":{"line":409,"column":0},"end":{"line":413,"column":null}},{"start":{"line":409,"column":0},"end":{"line":413,"column":null}}]},"25":{"loc":{"start":{"line":427,"column":0},"end":{"line":431,"column":null}},"type":"if","locations":[{"start":{"line":427,"column":0},"end":{"line":431,"column":null}},{"start":{"line":427,"column":0},"end":{"line":431,"column":null}}]},"26":{"loc":{"start":{"line":450,"column":0},"end":{"line":452,"column":null}},"type":"switch","locations":[{"start":{"line":450,"column":0},"end":{"line":452,"column":null}},{"start":{"line":453,"column":0},"end":{"line":455,"column":null}},{"start":{"line":456,"column":0},"end":{"line":458,"column":null}},{"start":{"line":459,"column":0},"end":{"line":461,"column":null}},{"start":{"line":462,"column":0},"end":{"line":464,"column":null}}]},"27":{"loc":{"start":{"line":451,"column":0},"end":{"line":451,"column":null}},"type":"binary-expr","locations":[{"start":{"line":451,"column":0},"end":{"line":451,"column":null}},{"start":{"line":451,"column":0},"end":{"line":451,"column":null}},{"start":{"line":451,"column":0},"end":{"line":451,"column":null}},{"start":{"line":451,"column":0},"end":{"line":451,"column":null}},{"start":{"line":451,"column":0},"end":{"line":451,"column":null}}]},"28":{"loc":{"start":{"line":454,"column":0},"end":{"line":454,"column":null}},"type":"binary-expr","locations":[{"start":{"line":454,"column":0},"end":{"line":454,"column":null}},{"start":{"line":454,"column":0},"end":{"line":454,"column":null}},{"start":{"line":454,"column":0},"end":{"line":454,"column":null}},{"start":{"line":454,"column":0},"end":{"line":454,"column":null}}]},"29":{"loc":{"start":{"line":457,"column":0},"end":{"line":457,"column":null}},"type":"binary-expr","locations":[{"start":{"line":457,"column":0},"end":{"line":457,"column":null}},{"start":{"line":457,"column":0},"end":{"line":457,"column":null}},{"start":{"line":457,"column":0},"end":{"line":457,"column":null}}]},"30":{"loc":{"start":{"line":460,"column":0},"end":{"line":460,"column":null}},"type":"binary-expr","locations":[{"start":{"line":460,"column":0},"end":{"line":460,"column":null}},{"start":{"line":460,"column":0},"end":{"line":460,"column":null}}]},"31":{"loc":{"start":{"line":469,"column":0},"end":{"line":471,"column":null}},"type":"if","locations":[{"start":{"line":469,"column":0},"end":{"line":471,"column":null}},{"start":{"line":469,"column":0},"end":{"line":471,"column":null}}]},"32":{"loc":{"start":{"line":476,"column":0},"end":{"line":480,"column":null}},"type":"if","locations":[{"start":{"line":476,"column":0},"end":{"line":480,"column":null}},{"start":{"line":476,"column":0},"end":{"line":480,"column":null}}]},"33":{"loc":{"start":{"line":483,"column":0},"end":{"line":487,"column":null}},"type":"if","locations":[{"start":{"line":483,"column":0},"end":{"line":487,"column":null}},{"start":{"line":483,"column":0},"end":{"line":487,"column":null}}]},"34":{"loc":{"start":{"line":483,"column":0},"end":{"line":483,"column":null}},"type":"binary-expr","locations":[{"start":{"line":483,"column":0},"end":{"line":483,"column":null}},{"start":{"line":483,"column":0},"end":{"line":483,"column":null}}]},"35":{"loc":{"start":{"line":485,"column":0},"end":{"line":487,"column":null}},"type":"if","locations":[{"start":{"line":485,"column":0},"end":{"line":487,"column":null}},{"start":{"line":485,"column":0},"end":{"line":487,"column":null}}]},"36":{"loc":{"start":{"line":485,"column":0},"end":{"line":485,"column":null}},"type":"binary-expr","locations":[{"start":{"line":485,"column":0},"end":{"line":485,"column":null}},{"start":{"line":485,"column":0},"end":{"line":485,"column":null}}]},"37":{"loc":{"start":{"line":496,"column":0},"end":{"line":521,"column":null}},"type":"if","locations":[{"start":{"line":496,"column":0},"end":{"line":521,"column":null}},{"start":{"line":496,"column":0},"end":{"line":521,"column":null}}]},"38":{"loc":{"start":{"line":498,"column":0},"end":{"line":502,"column":null}},"type":"if","locations":[{"start":{"line":498,"column":0},"end":{"line":502,"column":null}},{"start":{"line":498,"column":0},"end":{"line":502,"column":null}}]},"39":{"loc":{"start":{"line":505,"column":0},"end":{"line":520,"column":null}},"type":"if","locations":[{"start":{"line":505,"column":0},"end":{"line":520,"column":null}},{"start":{"line":505,"column":0},"end":{"line":520,"column":null}}]},"40":{"loc":{"start":{"line":505,"column":0},"end":{"line":505,"column":null}},"type":"binary-expr","locations":[{"start":{"line":505,"column":0},"end":{"line":505,"column":null}},{"start":{"line":505,"column":0},"end":{"line":505,"column":null}},{"start":{"line":505,"column":0},"end":{"line":505,"column":null}}]},"41":{"loc":{"start":{"line":512,"column":0},"end":{"line":520,"column":null}},"type":"if","locations":[{"start":{"line":512,"column":0},"end":{"line":520,"column":null}},{"start":{"line":512,"column":0},"end":{"line":520,"column":null}}]},"42":{"loc":{"start":{"line":512,"column":0},"end":{"line":512,"column":null}},"type":"binary-expr","locations":[{"start":{"line":512,"column":0},"end":{"line":512,"column":null}},{"start":{"line":512,"column":0},"end":{"line":512,"column":null}}]},"43":{"loc":{"start":{"line":532,"column":0},"end":{"line":532,"column":null}},"type":"if","locations":[{"start":{"line":532,"column":0},"end":{"line":532,"column":null}},{"start":{"line":532,"column":0},"end":{"line":532,"column":null}}]},"44":{"loc":{"start":{"line":534,"column":0},"end":{"line":561,"column":null}},"type":"if","locations":[{"start":{"line":534,"column":0},"end":{"line":561,"column":null}},{"start":{"line":534,"column":0},"end":{"line":561,"column":null}}]},"45":{"loc":{"start":{"line":535,"column":0},"end":{"line":544,"column":null}},"type":"if","locations":[{"start":{"line":535,"column":0},"end":{"line":544,"column":null}},{"start":{"line":535,"column":0},"end":{"line":544,"column":null}}]},"46":{"loc":{"start":{"line":547,"column":0},"end":{"line":559,"column":null}},"type":"if","locations":[{"start":{"line":547,"column":0},"end":{"line":559,"column":null}},{"start":{"line":547,"column":0},"end":{"line":559,"column":null}}]},"47":{"loc":{"start":{"line":570,"column":0},"end":{"line":574,"column":null}},"type":"if","locations":[{"start":{"line":570,"column":0},"end":{"line":574,"column":null}},{"start":{"line":570,"column":0},"end":{"line":574,"column":null}}]},"48":{"loc":{"start":{"line":583,"column":0},"end":{"line":589,"column":null}},"type":"if","locations":[{"start":{"line":583,"column":0},"end":{"line":589,"column":null}},{"start":{"line":583,"column":0},"end":{"line":589,"column":null}}]},"49":{"loc":{"start":{"line":599,"column":0},"end":{"line":599,"column":null}},"type":"if","locations":[{"start":{"line":599,"column":0},"end":{"line":599,"column":null}},{"start":{"line":599,"column":0},"end":{"line":599,"column":null}}]},"50":{"loc":{"start":{"line":601,"column":0},"end":{"line":608,"column":null}},"type":"if","locations":[{"start":{"line":601,"column":0},"end":{"line":608,"column":null}},{"start":{"line":601,"column":0},"end":{"line":608,"column":null}}]},"51":{"loc":{"start":{"line":601,"column":0},"end":{"line":601,"column":null}},"type":"binary-expr","locations":[{"start":{"line":601,"column":0},"end":{"line":601,"column":null}},{"start":{"line":601,"column":0},"end":{"line":601,"column":null}}]},"52":{"loc":{"start":{"line":623,"column":0},"end":{"line":623,"column":null}},"type":"if","locations":[{"start":{"line":623,"column":0},"end":{"line":623,"column":null}},{"start":{"line":623,"column":0},"end":{"line":623,"column":null}}]},"53":{"loc":{"start":{"line":629,"column":0},"end":{"line":637,"column":null}},"type":"if","locations":[{"start":{"line":629,"column":0},"end":{"line":637,"column":null}},{"start":{"line":629,"column":0},"end":{"line":637,"column":null}}]},"54":{"loc":{"start":{"line":632,"column":0},"end":{"line":636,"column":null}},"type":"if","locations":[{"start":{"line":632,"column":0},"end":{"line":636,"column":null}},{"start":{"line":632,"column":0},"end":{"line":636,"column":null}}]},"55":{"loc":{"start":{"line":644,"column":0},"end":{"line":644,"column":null}},"type":"if","locations":[{"start":{"line":644,"column":0},"end":{"line":644,"column":null}},{"start":{"line":644,"column":0},"end":{"line":644,"column":null}}]},"56":{"loc":{"start":{"line":646,"column":0},"end":{"line":646,"column":null}},"type":"if","locations":[{"start":{"line":646,"column":0},"end":{"line":646,"column":null}},{"start":{"line":646,"column":0},"end":{"line":646,"column":null}}]},"57":{"loc":{"start":{"line":647,"column":0},"end":{"line":647,"column":null}},"type":"if","locations":[{"start":{"line":647,"column":0},"end":{"line":647,"column":null}},{"start":{"line":647,"column":0},"end":{"line":647,"column":null}}]},"58":{"loc":{"start":{"line":647,"column":0},"end":{"line":647,"column":null}},"type":"binary-expr","locations":[{"start":{"line":647,"column":0},"end":{"line":647,"column":null}},{"start":{"line":647,"column":0},"end":{"line":647,"column":null}},{"start":{"line":647,"column":0},"end":{"line":647,"column":null}},{"start":{"line":647,"column":0},"end":{"line":647,"column":null}},{"start":{"line":647,"column":0},"end":{"line":647,"column":null}},{"start":{"line":647,"column":0},"end":{"line":647,"column":null}}]},"59":{"loc":{"start":{"line":663,"column":0},"end":{"line":665,"column":null}},"type":"if","locations":[{"start":{"line":663,"column":0},"end":{"line":665,"column":null}},{"start":{"line":663,"column":0},"end":{"line":665,"column":null}}]},"60":{"loc":{"start":{"line":672,"column":0},"end":{"line":674,"column":null}},"type":"if","locations":[{"start":{"line":672,"column":0},"end":{"line":674,"column":null}},{"start":{"line":672,"column":0},"end":{"line":674,"column":null}}]},"61":{"loc":{"start":{"line":683,"column":0},"end":{"line":687,"column":null}},"type":"if","locations":[{"start":{"line":683,"column":0},"end":{"line":687,"column":null}},{"start":{"line":683,"column":0},"end":{"line":687,"column":null}}]},"62":{"loc":{"start":{"line":702,"column":0},"end":{"line":704,"column":null}},"type":"if","locations":[{"start":{"line":702,"column":0},"end":{"line":704,"column":null}},{"start":{"line":702,"column":0},"end":{"line":704,"column":null}}]},"63":{"loc":{"start":{"line":706,"column":0},"end":{"line":708,"column":null}},"type":"if","locations":[{"start":{"line":706,"column":0},"end":{"line":708,"column":null}},{"start":{"line":706,"column":0},"end":{"line":708,"column":null}}]},"64":{"loc":{"start":{"line":710,"column":0},"end":{"line":713,"column":null}},"type":"if","locations":[{"start":{"line":710,"column":0},"end":{"line":713,"column":null}},{"start":{"line":710,"column":0},"end":{"line":713,"column":null}}]},"65":{"loc":{"start":{"line":727,"column":0},"end":{"line":727,"column":null}},"type":"cond-expr","locations":[{"start":{"line":727,"column":0},"end":{"line":727,"column":null}},{"start":{"line":727,"column":0},"end":{"line":727,"column":null}}]},"66":{"loc":{"start":{"line":732,"column":0},"end":{"line":734,"column":null}},"type":"if","locations":[{"start":{"line":732,"column":0},"end":{"line":734,"column":null}},{"start":{"line":732,"column":0},"end":{"line":734,"column":null}}]},"67":{"loc":{"start":{"line":742,"column":0},"end":{"line":742,"column":null}},"type":"cond-expr","locations":[{"start":{"line":742,"column":0},"end":{"line":742,"column":null}},{"start":{"line":742,"column":0},"end":{"line":742,"column":null}}]},"68":{"loc":{"start":{"line":748,"column":0},"end":{"line":750,"column":null}},"type":"if","locations":[{"start":{"line":748,"column":0},"end":{"line":750,"column":null}},{"start":{"line":748,"column":0},"end":{"line":750,"column":null}}]},"69":{"loc":{"start":{"line":759,"column":0},"end":{"line":766,"column":null}},"type":"if","locations":[{"start":{"line":759,"column":0},"end":{"line":766,"column":null}},{"start":{"line":759,"column":0},"end":{"line":766,"column":null}}]},"70":{"loc":{"start":{"line":761,"column":0},"end":{"line":761,"column":null}},"type":"cond-expr","locations":[{"start":{"line":761,"column":0},"end":{"line":761,"column":null}},{"start":{"line":761,"column":0},"end":{"line":761,"column":null}}]},"71":{"loc":{"start":{"line":773,"column":0},"end":{"line":776,"column":null}},"type":"if","locations":[{"start":{"line":773,"column":0},"end":{"line":776,"column":null}},{"start":{"line":773,"column":0},"end":{"line":776,"column":null}}]},"72":{"loc":{"start":{"line":782,"column":0},"end":{"line":784,"column":null}},"type":"if","locations":[{"start":{"line":782,"column":0},"end":{"line":784,"column":null}},{"start":{"line":782,"column":0},"end":{"line":784,"column":null}}]},"73":{"loc":{"start":{"line":801,"column":0},"end":{"line":803,"column":null}},"type":"if","locations":[{"start":{"line":801,"column":0},"end":{"line":803,"column":null}},{"start":{"line":801,"column":0},"end":{"line":803,"column":null}}]},"74":{"loc":{"start":{"line":823,"column":0},"end":{"line":832,"column":null}},"type":"if","locations":[{"start":{"line":823,"column":0},"end":{"line":832,"column":null}},{"start":{"line":823,"column":0},"end":{"line":832,"column":null}}]},"75":{"loc":{"start":{"line":823,"column":0},"end":{"line":823,"column":null}},"type":"binary-expr","locations":[{"start":{"line":823,"column":0},"end":{"line":823,"column":null}},{"start":{"line":823,"column":0},"end":{"line":823,"column":null}},{"start":{"line":823,"column":0},"end":{"line":823,"column":null}}]},"76":{"loc":{"start":{"line":920,"column":0},"end":{"line":924,"column":null}},"type":"switch","locations":[{"start":{"line":920,"column":0},"end":{"line":924,"column":null}},{"start":{"line":925,"column":0},"end":{"line":929,"column":null}},{"start":{"line":930,"column":0},"end":{"line":934,"column":null}},{"start":{"line":935,"column":0},"end":{"line":937,"column":null}},{"start":{"line":938,"column":0},"end":{"line":940,"column":null}}]},"77":{"loc":{"start":{"line":952,"column":0},"end":{"line":952,"column":null}},"type":"binary-expr","locations":[{"start":{"line":952,"column":0},"end":{"line":952,"column":null}},{"start":{"line":952,"column":0},"end":{"line":952,"column":null}}]},"78":{"loc":{"start":{"line":1025,"column":0},"end":{"line":1074,"column":null}},"type":"if","locations":[{"start":{"line":1025,"column":0},"end":{"line":1074,"column":null}},{"start":{"line":1025,"column":0},"end":{"line":1074,"column":null}}]},"79":{"loc":{"start":{"line":1032,"column":0},"end":{"line":1032,"column":null}},"type":"cond-expr","locations":[{"start":{"line":1032,"column":0},"end":{"line":1032,"column":null}},{"start":{"line":1032,"column":0},"end":{"line":1032,"column":null}}]},"80":{"loc":{"start":{"line":1048,"column":0},"end":{"line":1048,"column":null}},"type":"cond-expr","locations":[{"start":{"line":1048,"column":0},"end":{"line":1048,"column":null}},{"start":{"line":1048,"column":0},"end":{"line":1048,"column":null}}]},"81":{"loc":{"start":{"line":1059,"column":0},"end":{"line":1073,"column":null}},"type":"if","locations":[{"start":{"line":1059,"column":0},"end":{"line":1073,"column":null}},{"start":{"line":1059,"column":0},"end":{"line":1073,"column":null}}]},"82":{"loc":{"start":{"line":1060,"column":0},"end":{"line":1060,"column":null}},"type":"binary-expr","locations":[{"start":{"line":1060,"column":0},"end":{"line":1060,"column":null}},{"start":{"line":1060,"column":0},"end":{"line":1060,"column":null}}]},"83":{"loc":{"start":{"line":1063,"column":0},"end":{"line":1063,"column":null}},"type":"binary-expr","locations":[{"start":{"line":1063,"column":0},"end":{"line":1063,"column":null}},{"start":{"line":1063,"column":0},"end":{"line":1063,"column":null}}]},"84":{"loc":{"start":{"line":1067,"column":0},"end":{"line":1072,"column":null}},"type":"if","locations":[{"start":{"line":1067,"column":0},"end":{"line":1072,"column":null}},{"start":{"line":1067,"column":0},"end":{"line":1072,"column":null}}]},"85":{"loc":{"start":{"line":1094,"column":0},"end":{"line":1096,"column":null}},"type":"switch","locations":[{"start":{"line":1094,"column":0},"end":{"line":1096,"column":null}},{"start":{"line":1097,"column":0},"end":{"line":1099,"column":null}},{"start":{"line":1100,"column":0},"end":{"line":1102,"column":null}},{"start":{"line":1103,"column":0},"end":{"line":1105,"column":null}},{"start":{"line":1106,"column":0},"end":{"line":1108,"column":null}}]},"86":{"loc":{"start":{"line":1095,"column":0},"end":{"line":1095,"column":null}},"type":"binary-expr","locations":[{"start":{"line":1095,"column":0},"end":{"line":1095,"column":null}},{"start":{"line":1095,"column":0},"end":{"line":1095,"column":null}},{"start":{"line":1095,"column":0},"end":{"line":1095,"column":null}},{"start":{"line":1095,"column":0},"end":{"line":1095,"column":null}},{"start":{"line":1095,"column":0},"end":{"line":1095,"column":null}}]},"87":{"loc":{"start":{"line":1098,"column":0},"end":{"line":1098,"column":null}},"type":"binary-expr","locations":[{"start":{"line":1098,"column":0},"end":{"line":1098,"column":null}},{"start":{"line":1098,"column":0},"end":{"line":1098,"column":null}},{"start":{"line":1098,"column":0},"end":{"line":1098,"column":null}},{"start":{"line":1098,"column":0},"end":{"line":1098,"column":null}}]},"88":{"loc":{"start":{"line":1101,"column":0},"end":{"line":1101,"column":null}},"type":"binary-expr","locations":[{"start":{"line":1101,"column":0},"end":{"line":1101,"column":null}},{"start":{"line":1101,"column":0},"end":{"line":1101,"column":null}},{"start":{"line":1101,"column":0},"end":{"line":1101,"column":null}}]},"89":{"loc":{"start":{"line":1104,"column":0},"end":{"line":1104,"column":null}},"type":"binary-expr","locations":[{"start":{"line":1104,"column":0},"end":{"line":1104,"column":null}},{"start":{"line":1104,"column":0},"end":{"line":1104,"column":null}}]},"90":{"loc":{"start":{"line":1117,"column":0},"end":{"line":1136,"column":null}},"type":"if","locations":[{"start":{"line":1117,"column":0},"end":{"line":1136,"column":null}},{"start":{"line":1117,"column":0},"end":{"line":1136,"column":null}}]},"91":{"loc":{"start":{"line":1119,"column":0},"end":{"line":1126,"column":null}},"type":"if","locations":[{"start":{"line":1119,"column":0},"end":{"line":1126,"column":null}},{"start":{"line":1119,"column":0},"end":{"line":1126,"column":null}}]},"92":{"loc":{"start":{"line":1119,"column":0},"end":{"line":1119,"column":null}},"type":"binary-expr","locations":[{"start":{"line":1119,"column":0},"end":{"line":1119,"column":null}},{"start":{"line":1119,"column":0},"end":{"line":1119,"column":null}},{"start":{"line":1119,"column":0},"end":{"line":1119,"column":null}},{"start":{"line":1119,"column":0},"end":{"line":1119,"column":null}}]},"93":{"loc":{"start":{"line":1148,"column":0},"end":{"line":1148,"column":null}},"type":"if","locations":[{"start":{"line":1148,"column":0},"end":{"line":1148,"column":null}},{"start":{"line":1148,"column":0},"end":{"line":1148,"column":null}}]},"94":{"loc":{"start":{"line":1151,"column":0},"end":{"line":1164,"column":null}},"type":"if","locations":[{"start":{"line":1151,"column":0},"end":{"line":1164,"column":null}},{"start":{"line":1151,"column":0},"end":{"line":1164,"column":null}}]},"95":{"loc":{"start":{"line":1151,"column":0},"end":{"line":1151,"column":null}},"type":"binary-expr","locations":[{"start":{"line":1151,"column":0},"end":{"line":1151,"column":null}},{"start":{"line":1151,"column":0},"end":{"line":1151,"column":null}}]},"96":{"loc":{"start":{"line":1156,"column":0},"end":{"line":1164,"column":null}},"type":"if","locations":[{"start":{"line":1156,"column":0},"end":{"line":1164,"column":null}},{"start":{"line":1156,"column":0},"end":{"line":1164,"column":null}}]},"97":{"loc":{"start":{"line":1156,"column":0},"end":{"line":1156,"column":null}},"type":"binary-expr","locations":[{"start":{"line":1156,"column":0},"end":{"line":1156,"column":null}},{"start":{"line":1156,"column":0},"end":{"line":1156,"column":null}},{"start":{"line":1156,"column":0},"end":{"line":1156,"column":null}}]},"98":{"loc":{"start":{"line":1176,"column":0},"end":{"line":1190,"column":null}},"type":"if","locations":[{"start":{"line":1176,"column":0},"end":{"line":1190,"column":null}},{"start":{"line":1176,"column":0},"end":{"line":1190,"column":null}}]},"99":{"loc":{"start":{"line":1176,"column":0},"end":{"line":1176,"column":null}},"type":"binary-expr","locations":[{"start":{"line":1176,"column":0},"end":{"line":1176,"column":null}},{"start":{"line":1176,"column":0},"end":{"line":1176,"column":null}},{"start":{"line":1176,"column":0},"end":{"line":1176,"column":null}}]},"100":{"loc":{"start":{"line":1185,"column":0},"end":{"line":1189,"column":null}},"type":"if","locations":[{"start":{"line":1185,"column":0},"end":{"line":1189,"column":null}},{"start":{"line":1185,"column":0},"end":{"line":1189,"column":null}}]},"101":{"loc":{"start":{"line":1194,"column":0},"end":{"line":1207,"column":null}},"type":"if","locations":[{"start":{"line":1194,"column":0},"end":{"line":1207,"column":null}},{"start":{"line":1194,"column":0},"end":{"line":1207,"column":null}}]},"102":{"loc":{"start":{"line":1196,"column":0},"end":{"line":1207,"column":null}},"type":"if","locations":[{"start":{"line":1196,"column":0},"end":{"line":1207,"column":null}},{"start":{"line":1196,"column":0},"end":{"line":1207,"column":null}}]},"103":{"loc":{"start":{"line":1196,"column":0},"end":{"line":1196,"column":null}},"type":"binary-expr","locations":[{"start":{"line":1196,"column":0},"end":{"line":1196,"column":null}},{"start":{"line":1196,"column":0},"end":{"line":1196,"column":null}}]}},"s":{"0":1,"1":1,"2":1,"3":1,"4":1,"5":2,"6":6,"7":13,"8":13,"9":13,"10":13,"11":0,"12":13,"13":13,"14":13,"15":0,"16":0,"17":13,"18":5,"19":2,"20":3,"21":0,"22":3,"23":0,"24":0,"25":0,"26":0,"27":0,"28":0,"29":7,"30":7,"31":7,"32":7,"33":8,"34":176,"35":14,"36":2,"37":2,"38":2,"39":10,"40":10,"41":2,"42":8,"43":0,"44":0,"45":0,"46":0,"47":1,"48":1,"49":1,"50":1,"51":1,"52":1,"53":1,"54":6,"55":6,"56":6,"57":6,"58":6,"59":6,"60":7,"61":7,"62":0,"63":0,"64":0,"65":0,"66":0,"67":0,"68":0,"69":0,"70":0,"71":6,"72":6,"73":7,"74":7,"75":7,"76":7,"77":0,"78":0,"79":0,"80":0,"81":0,"82":0,"83":0,"84":0,"85":0,"86":0,"87":0,"88":0,"89":0,"90":0,"91":7,"92":0,"93":1,"94":9,"95":1,"96":8,"97":1,"98":272,"99":52,"100":220,"101":16,"102":16,"103":0,"104":0,"105":0,"106":0,"107":0,"108":0,"109":0,"110":0,"111":16,"112":16,"113":16,"114":16,"115":16,"116":1,"117":0,"118":1,"119":1,"120":0,"121":1,"122":0,"123":1,"124":0,"125":0,"126":0,"127":1,"128":1,"129":0,"130":0,"131":0,"132":0,"133":0,"134":0,"135":0,"136":0,"137":0,"138":0,"139":0,"140":0,"141":0,"142":0,"143":0,"144":0,"145":0,"146":0,"147":0,"148":0,"149":0,"150":0,"151":0,"152":0,"153":0,"154":0,"155":0,"156":0,"157":0,"158":0,"159":0,"160":0,"161":0,"162":0,"163":0,"164":0,"165":0,"166":0,"167":57,"168":57,"169":25,"170":0,"171":0,"172":0,"173":0,"174":1,"175":0,"176":1,"177":7,"178":7,"179":7,"180":7,"181":7,"182":7,"183":7,"184":7,"185":7,"186":0,"187":7,"188":0,"189":0,"190":6,"191":0,"192":0,"193":0,"194":0,"195":0,"196":0,"197":0,"198":0,"199":0,"200":0,"201":0,"202":0,"203":0,"204":0,"205":0,"206":0,"207":0,"208":1,"209":0,"210":0,"211":1,"212":0,"213":1,"214":1,"215":1,"216":1,"217":0,"218":0,"219":1,"220":1,"221":1,"222":1,"223":0,"224":0,"225":7,"226":7,"227":7,"228":7,"229":35,"230":7,"231":14,"232":9,"233":9,"234":0,"235":1,"236":1,"237":1,"238":1,"239":1,"240":1,"241":1,"242":0,"243":0,"244":0,"245":7,"246":7,"247":0,"248":0,"249":0,"250":0,"251":0,"252":0,"253":0,"254":0,"255":7,"256":7,"257":7,"258":546,"259":7,"260":27,"261":7,"262":7,"263":7,"264":7,"265":7,"266":7,"267":0,"268":0,"269":0,"270":0,"271":0,"272":7,"273":7,"274":0,"275":0,"276":0,"277":0,"278":0,"279":0,"280":0,"281":0,"282":7,"283":7,"284":7,"285":0,"286":0,"287":0,"288":0,"289":0,"290":7,"291":13,"292":1,"293":1,"294":1,"295":0,"296":0,"297":1,"298":7,"299":7,"300":7,"301":1,"302":6,"303":0,"304":0,"305":0,"306":0,"307":0,"308":0},"f":{"0":2,"1":6,"2":13,"3":5,"4":2,"5":3,"6":0,"7":0,"8":7,"9":7,"10":7,"11":7,"12":8,"13":8,"14":0,"15":0,"16":1,"17":6,"18":6,"19":7,"20":0,"21":0,"22":6,"23":7,"24":0,"25":0,"26":7,"27":1,"28":9,"29":1,"30":272,"31":16,"32":1,"33":1,"34":0,"35":0,"36":0,"37":0,"38":0,"39":0,"40":0,"41":0,"42":49,"43":0,"44":0,"45":1,"46":7,"47":6,"48":0,"49":0,"50":0,"51":1,"52":1,"53":1,"54":0,"55":1,"56":0,"57":7,"58":35,"59":14,"60":9,"61":0,"62":1,"63":0,"64":7,"65":26,"66":520,"67":7,"68":7,"69":20,"70":7,"71":7,"72":7,"73":1,"74":7},"b":{"0":[0,13],"1":[0,13],"2":[0,13],"3":[14,24],"4":[5,5],"5":[0,2],"6":[2,2,2],"7":[0,3],"8":[0,0],"9":[0,0],"10":[7,7,1,1],"11":[7,7],"12":[7,0],"13":[14,4],"14":[0,8],"15":[0,8],"16":[6,0],"17":[0,0],"18":[0,0],"19":[0,0],"20":[0,0],"21":[0,0],"22":[0,0],"23":[0,7],"24":[1,8],"25":[52,220],"26":[0,0,0,0,16],"27":[0,0,0,0,0],"28":[0,0,0,0],"29":[0,0,0],"30":[0,0],"31":[16,0],"32":[0,1],"33":[0,1],"34":[1,0],"35":[0,1],"36":[1,1],"37":[0,1],"38":[0,0],"39":[1,0],"40":[1,0,1],"41":[0,0],"42":[0,0],"43":[0,0],"44":[0,0],"45":[0,0],"46":[0,0],"47":[0,0],"48":[0,0],"49":[0,0],"50":[0,0],"51":[0,0],"52":[0,0],"53":[0,0],"54":[0,0],"55":[8,41],"56":[57,57],"57":[0,25],"58":[25,25,0,25,0,0],"59":[0,0],"60":[0,0],"61":[0,1],"62":[7,0],"63":[0,7],"64":[0,7],"65":[0,0],"66":[0,0],"67":[0,0],"68":[0,0],"69":[0,0],"70":[0,0],"71":[0,1],"72":[0,1],"73":[0,0],"74":[0,0],"75":[0,0,0],"76":[0,0,0,0,7],"77":[520,520],"78":[7,0],"79":[0,7],"80":[1,6],"81":[0,7],"82":[0,0],"83":[0,0],"84":[0,0],"85":[0,0,0,0,7],"86":[0,0,0,0,0],"87":[0,0,0,0],"88":[0,0,0],"89":[0,0],"90":[0,7],"91":[0,0],"92":[0,0,0,0],"93":[6,1],"94":[1,0],"95":[1,1],"96":[0,0],"97":[0,0,0],"98":[7,0],"99":[7,0,0],"100":[1,6],"101":[0,0],"102":[0,0],"103":[0,0]}}
,"/Users/sam.wood/webprojects/personal/vue-carousel/src/components/VueCarouselPagination.vue": {"path":"/Users/sam.wood/webprojects/personal/vue-carousel/src/components/VueCarouselPagination.vue","statementMap":{"0":{"start":{"line":50,"column":0},"end":{"line":50,"column":null}},"1":{"start":{"line":60,"column":0},"end":{"line":60,"column":null}},"2":{"start":{"line":65,"column":0},"end":{"line":65,"column":null}}},"fnMap":{"0":{"name":"(anonymous_1)","decl":{"start":{"line":49,"column":0},"end":{"line":49,"column":null}},"loc":{"start":{"line":49,"column":0},"end":{"line":51,"column":null}}},"1":{"name":"(anonymous_2)","decl":{"start":{"line":59,"column":0},"end":{"line":59,"column":null}},"loc":{"start":{"line":59,"column":0},"end":{"line":61,"column":null}}},"2":{"name":"(anonymous_3)","decl":{"start":{"line":64,"column":0},"end":{"line":64,"column":null}},"loc":{"start":{"line":64,"column":0},"end":{"line":66,"column":null}}}},"branchMap":{"0":{"loc":{"start":{"line":60,"column":0},"end":{"line":60,"column":null}},"type":"cond-expr","locations":[{"start":{"line":60,"column":0},"end":{"line":60,"column":null}},{"start":{"line":60,"column":0},"end":{"line":60,"column":null}}]}},"s":{"0":4,"1":7,"2":2},"f":{"0":4,"1":7,"2":2},"b":{"0":[1,6]}}
,"/Users/sam.wood/webprojects/personal/vue-carousel/src/scripts/helpers/isTrue.js": {"path":"/Users/sam.wood/webprojects/personal/vue-carousel/src/scripts/helpers/isTrue.js","statementMap":{"0":{"start":{"line":2,"column":2},"end":{"line":11,"column":3}},"1":{"start":{"line":4,"column":6},"end":{"line":4,"column":44}},"2":{"start":{"line":6,"column":6},"end":{"line":7,"column":41}},"3":{"start":{"line":6,"column":30},"end":{"line":6,"column":49}},"4":{"start":{"line":7,"column":11},"end":{"line":7,"column":41}},"5":{"start":{"line":7,"column":29},"end":{"line":7,"column":41}},"6":{"start":{"line":8,"column":6},"end":{"line":8,"column":38}},"7":{"start":{"line":10,"column":6},"end":{"line":10,"column":18}}},"fnMap":{"0":{"name":"isTrue","decl":{"start":{"line":1,"column":24},"end":{"line":1,"column":30}},"loc":{"start":{"line":1,"column":43},"end":{"line":12,"column":1}},"line":1}},"branchMap":{"0":{"loc":{"start":{"line":1,"column":31},"end":{"line":1,"column":41}},"type":"default-arg","locations":[{"start":{"line":1,"column":37},"end":{"line":1,"column":41}}],"line":1},"1":{"loc":{"start":{"line":2,"column":2},"end":{"line":11,"column":3}},"type":"switch","locations":[{"start":{"line":3,"column":4},"end":{"line":4,"column":44}},{"start":{"line":5,"column":4},"end":{"line":8,"column":38}},{"start":{"line":9,"column":4},"end":{"line":10,"column":18}}],"line":2},"2":{"loc":{"start":{"line":4,"column":13},"end":{"line":4,"column":44}},"type":"binary-expr","locations":[{"start":{"line":4,"column":13},"end":{"line":4,"column":28}},{"start":{"line":4,"column":32},"end":{"line":4,"column":44}}],"line":4},"3":{"loc":{"start":{"line":6,"column":6},"end":{"line":7,"column":41}},"type":"if","locations":[{"start":{"line":6,"column":6},"end":{"line":7,"column":41}},{"start":{"line":6,"column":6},"end":{"line":7,"column":41}}],"line":6},"4":{"loc":{"start":{"line":7,"column":11},"end":{"line":7,"column":41}},"type":"if","locations":[{"start":{"line":7,"column":11},"end":{"line":7,"column":41}},{"start":{"line":7,"column":11},"end":{"line":7,"column":41}}],"line":7}},"s":{"0":456,"1":4,"2":15,"3":3,"4":12,"5":10,"6":2,"7":437},"f":{"0":456},"b":{"0":[9],"1":[4,15,437],"2":[4,3],"3":[3,12],"4":[10,2]},"_coverageSchema":"43e27e138ebf9cfc5966b082cf9a028302ed4184","hash":"4c367ef9a4dd621b9004a48a513e7e0a437cb296"}
}
