TN:
SF:src/components/VueCarousel.vue
FN:105,(anonymous_1)
FN:110,(anonymous_2)
FN:142,(anonymous_3)
FN:167,(anonymous_4)
FN:173,(anonymous_5)
FN:185,(anonymous_6)
FN:192,(anonymous_7)
FN:199,(anonymous_8)
FN:206,(anonymous_9)
FN:209,(anonymous_10)
FN:215,(anonymous_11)
FN:220,(anonymous_12)
FN:232,(anonymous_13)
FN:257,(anonymous_14)
FN:267,(anonymous_15)
FN:271,(anonymous_16)
FN:276,(anonymous_17)
FN:288,(anonymous_18)
FN:292,(anonymous_19)
FN:298,(anonymous_20)
FN:302,(anonymous_21)
FN:315,(anonymous_22)
FN:326,(anonymous_23)
FN:335,(anonymous_24)
FN:349,(anonymous_25)
FN:371,(anonymous_26)
FN:386,(anonymous_27)
FN:398,(anonymous_28)
FN:408,(anonymous_29)
FN:418,(anonymous_30)
FN:426,(anonymous_31)
FN:446,(anonymous_32)
FN:475,(anonymous_33)
FN:495,(anonymous_34)
FN:531,(anonymous_35)
FN:537,(anonymous_36)
FN:552,(anonymous_37)
FN:568,(anonymous_38)
FN:569,(anonymous_39)
FN:582,(anonymous_40)
FN:596,(anonymous_41)
FN:616,(anonymous_42)
FN:643,(anonymous_43)
FN:662,(anonymous_44)
FN:671,(anonymous_45)
FN:682,(anonymous_46)
FN:694,(anonymous_47)
FN:718,(anonymous_48)
FN:725,(anonymous_49)
FN:740,(anonymous_50)
FN:756,(anonymous_51)
FN:772,(anonymous_52)
FN:781,(anonymous_53)
FN:790,(anonymous_54)
FN:800,(anonymous_55)
FN:809,(anonymous_56)
FN:822,(anonymous_57)
FN:838,(anonymous_58)
FN:852,(anonymous_59)
FN:864,(anonymous_60)
FN:875,(anonymous_61)
FN:883,(anonymous_62)
FN:890,(anonymous_63)
FN:903,(anonymous_64)
FN:916,(anonymous_65)
FN:951,(anonymous_66)
FN:952,(anonymous_67)
FN:959,(anonymous_68)
FN:973,(anonymous_69)
FN:974,(anonymous_70)
FN:1092,(anonymous_71)
FN:1116,(anonymous_72)
FN:1147,(anonymous_73)
FN:1150,(anonymous_74)
FN:1174,(anonymous_75)
FNF:75
FNH:50
FNDA:2,(anonymous_1)
FNDA:6,(anonymous_2)
FNDA:13,(anonymous_3)
FNDA:5,(anonymous_4)
FNDA:2,(anonymous_5)
FNDA:3,(anonymous_6)
FNDA:0,(anonymous_7)
FNDA:0,(anonymous_8)
FNDA:7,(anonymous_9)
FNDA:7,(anonymous_10)
FNDA:7,(anonymous_11)
FNDA:7,(anonymous_12)
FNDA:8,(anonymous_13)
FNDA:8,(anonymous_14)
FNDA:0,(anonymous_15)
FNDA:0,(anonymous_16)
FNDA:1,(anonymous_17)
FNDA:6,(anonymous_18)
FNDA:6,(anonymous_19)
FNDA:7,(anonymous_20)
FNDA:0,(anonymous_21)
FNDA:0,(anonymous_22)
FNDA:6,(anonymous_23)
FNDA:7,(anonymous_24)
FNDA:0,(anonymous_25)
FNDA:0,(anonymous_26)
FNDA:7,(anonymous_27)
FNDA:1,(anonymous_28)
FNDA:9,(anonymous_29)
FNDA:1,(anonymous_30)
FNDA:272,(anonymous_31)
FNDA:16,(anonymous_32)
FNDA:1,(anonymous_33)
FNDA:1,(anonymous_34)
FNDA:0,(anonymous_35)
FNDA:0,(anonymous_36)
FNDA:0,(anonymous_37)
FNDA:0,(anonymous_38)
FNDA:0,(anonymous_39)
FNDA:0,(anonymous_40)
FNDA:0,(anonymous_41)
FNDA:0,(anonymous_42)
FNDA:49,(anonymous_43)
FNDA:0,(anonymous_44)
FNDA:0,(anonymous_45)
FNDA:1,(anonymous_46)
FNDA:7,(anonymous_47)
FNDA:6,(anonymous_48)
FNDA:0,(anonymous_49)
FNDA:0,(anonymous_50)
FNDA:0,(anonymous_51)
FNDA:1,(anonymous_52)
FNDA:1,(anonymous_53)
FNDA:1,(anonymous_54)
FNDA:0,(anonymous_55)
FNDA:1,(anonymous_56)
FNDA:0,(anonymous_57)
FNDA:7,(anonymous_58)
FNDA:35,(anonymous_59)
FNDA:14,(anonymous_60)
FNDA:9,(anonymous_61)
FNDA:0,(anonymous_62)
FNDA:1,(anonymous_63)
FNDA:0,(anonymous_64)
FNDA:7,(anonymous_65)
FNDA:26,(anonymous_66)
FNDA:520,(anonymous_67)
FNDA:7,(anonymous_68)
FNDA:7,(anonymous_69)
FNDA:20,(anonymous_70)
FNDA:7,(anonymous_71)
FNDA:7,(anonymous_72)
FNDA:7,(anonymous_73)
FNDA:1,(anonymous_74)
FNDA:7,(anonymous_75)
DA:88,1
DA:89,1
DA:90,1
DA:92,1
DA:93,1
DA:106,2
DA:111,6
DA:143,13
DA:146,13
DA:147,13
DA:149,13
DA:150,0
DA:152,13
DA:153,13
DA:156,13
DA:157,0
DA:158,0
DA:161,13
DA:168,5
DA:174,2
DA:186,3
DA:187,0
DA:189,3
DA:193,0
DA:194,0
DA:196,0
DA:200,0
DA:201,0
DA:203,0
DA:207,7
DA:210,7
DA:216,7
DA:221,7
DA:233,8
DA:234,176
DA:235,14
DA:237,2
DA:238,2
DA:239,2
DA:241,10
DA:248,10
DA:251,2
DA:258,8
DA:268,0
DA:269,0
DA:272,0
DA:273,0
DA:277,1
DA:278,1
DA:279,1
DA:280,1
DA:281,1
DA:282,1
DA:283,1
DA:289,6
DA:290,6
DA:293,6
DA:294,6
DA:295,6
DA:296,6
DA:299,7
DA:300,7
DA:303,0
DA:304,0
DA:305,0
DA:306,0
DA:307,0
DA:316,0
DA:318,0
DA:319,0
DA:320,0
DA:327,6
DA:328,6
DA:336,7
DA:338,7
DA:339,7
DA:340,7
DA:350,0
DA:351,0
DA:353,0
DA:357,0
DA:359,0
DA:372,0
DA:373,0
DA:374,0
DA:375,0
DA:376,0
DA:378,0
DA:379,0
DA:382,0
DA:384,0
DA:387,7
DA:388,0
DA:399,1
DA:409,9
DA:410,1
DA:412,8
DA:419,1
DA:427,272
DA:428,52
DA:430,220
DA:447,16
DA:449,16
DA:451,0
DA:452,0
DA:454,0
DA:455,0
DA:457,0
DA:458,0
DA:460,0
DA:461,0
DA:463,16
DA:464,16
DA:469,16
DA:470,16
DA:473,16
DA:476,1
DA:477,0
DA:479,1
DA:483,1
DA:484,0
DA:485,1
DA:486,0
DA:496,1
DA:498,0
DA:499,0
DA:501,0
DA:505,1
DA:511,1
DA:512,0
DA:517,0
DA:532,0
DA:534,0
DA:535,0
DA:536,0
DA:537,0
DA:540,0
DA:545,0
DA:547,0
DA:551,0
DA:552,0
DA:555,0
DA:560,0
DA:569,0
DA:570,0
DA:571,0
DA:573,0
DA:583,0
DA:584,0
DA:585,0
DA:587,0
DA:588,0
DA:599,0
DA:601,0
DA:605,0
DA:607,0
DA:618,0
DA:619,0
DA:620,0
DA:623,0
DA:625,0
DA:626,0
DA:629,0
DA:630,0
DA:632,0
DA:633,0
DA:635,0
DA:644,57
DA:646,57
DA:647,25
DA:663,0
DA:664,0
DA:672,0
DA:673,0
DA:683,1
DA:684,0
DA:686,1
DA:695,7
DA:696,7
DA:697,7
DA:698,7
DA:699,7
DA:700,7
DA:702,7
DA:703,7
DA:706,7
DA:707,0
DA:710,7
DA:711,0
DA:712,0
DA:719,6
DA:727,0
DA:728,0
DA:729,0
DA:732,0
DA:733,0
DA:742,0
DA:743,0
DA:744,0
DA:745,0
DA:748,0
DA:749,0
DA:758,0
DA:759,0
DA:761,0
DA:762,0
DA:764,0
DA:765,0
DA:773,1
DA:774,0
DA:775,0
DA:782,1
DA:783,0
DA:791,1
DA:793,1
DA:794,1
DA:795,1
DA:801,0
DA:802,0
DA:810,1
DA:812,1
DA:813,1
DA:814,1
DA:823,0
DA:828,0
DA:839,7
DA:840,7
DA:844,7
DA:852,7
DA:854,35
DA:857,7
DA:865,14
DA:876,9
DA:877,9
DA:884,0
DA:891,1
DA:892,1
DA:893,1
DA:894,1
DA:895,1
DA:896,1
DA:897,1
DA:904,0
DA:907,0
DA:908,0
DA:917,7
DA:919,7
DA:921,0
DA:924,0
DA:926,0
DA:929,0
DA:931,0
DA:934,0
DA:936,0
DA:937,0
DA:939,7
DA:940,7
DA:943,7
DA:952,546
DA:960,7
DA:974,27
DA:1023,7
DA:1025,7
DA:1032,7
DA:1044,7
DA:1048,7
DA:1059,7
DA:1060,0
DA:1063,0
DA:1067,0
DA:1068,0
DA:1069,0
DA:1076,7
DA:1093,7
DA:1095,0
DA:1096,0
DA:1098,0
DA:1099,0
DA:1101,0
DA:1102,0
DA:1104,0
DA:1105,0
DA:1107,7
DA:1108,7
DA:1117,7
DA:1118,0
DA:1119,0
DA:1125,0
DA:1128,0
DA:1134,0
DA:1137,7
DA:1148,13
DA:1150,1
DA:1151,1
DA:1155,1
DA:1156,0
DA:1161,0
DA:1165,1
DA:1176,7
DA:1181,7
DA:1185,7
DA:1186,1
DA:1188,6
DA:1194,0
DA:1195,0
DA:1196,0
DA:1200,0
DA:1204,0
DA:1206,0
LF:309
LH:149
BRDA:143,0,0,0
BRDA:143,0,1,13
BRDA:149,1,0,0
BRDA:149,1,1,13
BRDA:156,2,0,0
BRDA:156,2,1,13
BRDA:163,3,0,14
BRDA:163,3,1,24
BRDA:168,4,0,5
BRDA:168,4,1,5
BRDA:174,5,0,0
BRDA:174,5,1,2
BRDA:174,6,0,2
BRDA:174,6,1,2
BRDA:174,6,2,2
BRDA:186,7,0,0
BRDA:186,7,1,3
BRDA:193,8,0,0
BRDA:193,8,1,0
BRDA:200,9,0,0
BRDA:200,9,1,0
BRDA:210,10,0,7
BRDA:210,10,1,7
BRDA:210,10,2,1
BRDA:210,10,3,1
BRDA:216,11,0,7
BRDA:216,11,1,7
BRDA:221,12,0,7
BRDA:221,12,1,0
BRDA:235,13,0,14
BRDA:235,13,1,4
BRDA:259,14,0,0
BRDA:259,14,1,8
BRDA:260,15,0,0
BRDA:260,15,1,8
BRDA:327,16,0,6
BRDA:327,16,1,0
BRDA:350,17,0,0
BRDA:350,17,1,0
BRDA:353,18,0,0
BRDA:353,18,1,0
BRDA:375,19,0,0
BRDA:375,19,1,0
BRDA:375,20,0,0
BRDA:375,20,1,0
BRDA:378,21,0,0
BRDA:378,21,1,0
BRDA:379,22,0,0
BRDA:379,22,1,0
BRDA:387,23,0,0
BRDA:387,23,1,7
BRDA:409,24,0,1
BRDA:409,24,1,8
BRDA:427,25,0,52
BRDA:427,25,1,220
BRDA:450,26,0,0
BRDA:450,26,1,0
BRDA:450,26,2,0
BRDA:450,26,3,0
BRDA:450,26,4,16
BRDA:451,27,0,0
BRDA:451,27,1,0
BRDA:451,27,2,0
BRDA:451,27,3,0
BRDA:451,27,4,0
BRDA:454,28,0,0
BRDA:454,28,1,0
BRDA:454,28,2,0
BRDA:454,28,3,0
BRDA:457,29,0,0
BRDA:457,29,1,0
BRDA:457,29,2,0
BRDA:460,30,0,0
BRDA:460,30,1,0
BRDA:469,31,0,16
BRDA:469,31,1,0
BRDA:476,32,0,0
BRDA:476,32,1,1
BRDA:483,33,0,0
BRDA:483,33,1,1
BRDA:483,34,0,1
BRDA:483,34,1,0
BRDA:485,35,0,0
BRDA:485,35,1,1
BRDA:485,36,0,1
BRDA:485,36,1,1
BRDA:496,37,0,0
BRDA:496,37,1,1
BRDA:498,38,0,0
BRDA:498,38,1,0
BRDA:505,39,0,1
BRDA:505,39,1,0
BRDA:505,40,0,1
BRDA:505,40,1,0
BRDA:505,40,2,1
BRDA:512,41,0,0
BRDA:512,41,1,0
BRDA:512,42,0,0
BRDA:512,42,1,0
BRDA:532,43,0,0
BRDA:532,43,1,0
BRDA:534,44,0,0
BRDA:534,44,1,0
BRDA:535,45,0,0
BRDA:535,45,1,0
BRDA:547,46,0,0
BRDA:547,46,1,0
BRDA:570,47,0,0
BRDA:570,47,1,0
BRDA:583,48,0,0
BRDA:583,48,1,0
BRDA:599,49,0,0
BRDA:599,49,1,0
BRDA:601,50,0,0
BRDA:601,50,1,0
BRDA:601,51,0,0
BRDA:601,51,1,0
BRDA:623,52,0,0
BRDA:623,52,1,0
BRDA:629,53,0,0
BRDA:629,53,1,0
BRDA:632,54,0,0
BRDA:632,54,1,0
BRDA:644,55,0,8
BRDA:644,55,1,41
BRDA:646,56,0,57
BRDA:646,56,1,57
BRDA:647,57,0,0
BRDA:647,57,1,25
BRDA:647,58,0,25
BRDA:647,58,1,25
BRDA:647,58,2,0
BRDA:647,58,3,25
BRDA:647,58,4,0
BRDA:647,58,5,0
BRDA:663,59,0,0
BRDA:663,59,1,0
BRDA:672,60,0,0
BRDA:672,60,1,0
BRDA:683,61,0,0
BRDA:683,61,1,1
BRDA:702,62,0,7
BRDA:702,62,1,0
BRDA:706,63,0,0
BRDA:706,63,1,7
BRDA:710,64,0,0
BRDA:710,64,1,7
BRDA:727,65,0,0
BRDA:727,65,1,0
BRDA:732,66,0,0
BRDA:732,66,1,0
BRDA:742,67,0,0
BRDA:742,67,1,0
BRDA:748,68,0,0
BRDA:748,68,1,0
BRDA:759,69,0,0
BRDA:759,69,1,0
BRDA:761,70,0,0
BRDA:761,70,1,0
BRDA:773,71,0,0
BRDA:773,71,1,1
BRDA:782,72,0,0
BRDA:782,72,1,1
BRDA:801,73,0,0
BRDA:801,73,1,0
BRDA:823,74,0,0
BRDA:823,74,1,0
BRDA:823,75,0,0
BRDA:823,75,1,0
BRDA:823,75,2,0
BRDA:920,76,0,0
BRDA:920,76,1,0
BRDA:920,76,2,0
BRDA:920,76,3,0
BRDA:920,76,4,7
BRDA:952,77,0,520
BRDA:952,77,1,520
BRDA:1025,78,0,7
BRDA:1025,78,1,0
BRDA:1032,79,0,0
BRDA:1032,79,1,7
BRDA:1048,80,0,1
BRDA:1048,80,1,6
BRDA:1059,81,0,0
BRDA:1059,81,1,7
BRDA:1060,82,0,0
BRDA:1060,82,1,0
BRDA:1063,83,0,0
BRDA:1063,83,1,0
BRDA:1067,84,0,0
BRDA:1067,84,1,0
BRDA:1094,85,0,0
BRDA:1094,85,1,0
BRDA:1094,85,2,0
BRDA:1094,85,3,0
BRDA:1094,85,4,7
BRDA:1095,86,0,0
BRDA:1095,86,1,0
BRDA:1095,86,2,0
BRDA:1095,86,3,0
BRDA:1095,86,4,0
BRDA:1098,87,0,0
BRDA:1098,87,1,0
BRDA:1098,87,2,0
BRDA:1098,87,3,0
BRDA:1101,88,0,0
BRDA:1101,88,1,0
BRDA:1101,88,2,0
BRDA:1104,89,0,0
BRDA:1104,89,1,0
BRDA:1117,90,0,0
BRDA:1117,90,1,7
BRDA:1119,91,0,0
BRDA:1119,91,1,0
BRDA:1119,92,0,0
BRDA:1119,92,1,0
BRDA:1119,92,2,0
BRDA:1119,92,3,0
BRDA:1148,93,0,6
BRDA:1148,93,1,1
BRDA:1151,94,0,1
BRDA:1151,94,1,0
BRDA:1151,95,0,1
BRDA:1151,95,1,1
BRDA:1156,96,0,0
BRDA:1156,96,1,0
BRDA:1156,97,0,0
BRDA:1156,97,1,0
BRDA:1156,97,2,0
BRDA:1176,98,0,7
BRDA:1176,98,1,0
BRDA:1176,99,0,7
BRDA:1176,99,1,0
BRDA:1176,99,2,0
BRDA:1185,100,0,1
BRDA:1185,100,1,6
BRDA:1194,101,0,0
BRDA:1194,101,1,0
BRDA:1196,102,0,0
BRDA:1196,102,1,0
BRDA:1196,103,0,0
BRDA:1196,103,1,0
BRF:242
BRH:74
end_of_record
TN:
SF:src/components/VueCarouselPagination.vue
FN:49,(anonymous_1)
FN:59,(anonymous_2)
FN:64,(anonymous_3)
FNF:3
FNH:3
FNDA:4,(anonymous_1)
FNDA:7,(anonymous_2)
FNDA:2,(anonymous_3)
DA:50,4
DA:60,7
DA:65,2
LF:3
LH:3
BRDA:60,0,0,1
BRDA:60,0,1,6
BRF:2
BRH:2
end_of_record
TN:
SF:src/scripts/helpers/isTrue.js
FN:1,isTrue
FNF:1
FNH:1
FNDA:456,isTrue
DA:2,456
DA:4,4
DA:6,15
DA:7,12
DA:8,2
DA:10,437
LF:6
LH:6
BRDA:1,0,0,9
BRDA:2,1,0,4
BRDA:2,1,1,15
BRDA:2,1,2,437
BRDA:4,2,0,4
BRDA:4,2,1,3
BRDA:6,3,0,3
BRDA:6,3,1,12
BRDA:7,4,0,10
BRDA:7,4,1,2
BRF:10
BRH:10
end_of_record
